Log file open, 11/27/17 22:05:50
LogWindows: Failed to load 'aqProf.dll' (GetLastError=126)
LogWindows: File 'aqProf.dll' does not exist
LogWindows: Failed to load 'VSPerf140.dll' (GetLastError=126)
LogWindows: File 'VSPerf140.dll' does not exist
LogWindows: Failed to load 'VtuneApi.dll' (GetLastError=126)
LogWindows: File 'VtuneApi.dll' does not exist
LogWindows: Failed to load 'VtuneApi32e.dll' (GetLastError=126)
LogWindows: File 'VtuneApi32e.dll' does not exist
LogInit: Display: Running engine for game: biyexiangmu
LogPlatformFile: Not using cached read wrapper
LogInit: Display: RandInit(1271869569) SRandInit(1271869569).
LogInit: Read version file with build ID '3709383'
LogInit: Overriding engine version to CL 3754814, compatible CL 3709383
LogInit: Registered custom module enumerator with build ID '3709383'
LogTaskGraph: Started task graph with 5 named threads and 14 total threads with 3 sets of task threads.
LogStats: Stats thread started at 0.218851
LogD3D11RHI: Aftermath initialized
LogModuleManager: Display: Found up-to-date module file ../../../Engine/Plugins/2D/Paper2D/Binaries/Win64/UE4Editor-Paper2D.dll (API version 3709383).
LogModuleManager: Display: Found up-to-date module file ../../../Engine/Plugins/2D/Paper2D/Binaries/Win64/UE4Editor-Paper2DEditor.dll (API version 3709383).
LogModuleManager: Display: Found up-to-date module file ../../../Engine/Plugins/2D/Paper2D/Binaries/Win64/UE4Editor-PaperSpriteSheetImporter.dll (API version 3709383).
LogModuleManager: Display: Found up-to-date module file ../../../Engine/Plugins/2D/Paper2D/Binaries/Win64/UE4Editor-PaperTiledImporter.dll (API version 3709383).
LogModuleManager: Display: Found up-to-date module file ../../../Engine/Plugins/2D/Paper2D/Binaries/Win64/UE4Editor-SmartSnapping.dll (API version 3709383).
LogModuleManager: Display: Found up-to-date module file ../../../Engine/Plugins/Blendables/LightPropagationVolume/Binaries/Win64/UE4Editor-LightPropagationVolumeRuntime.dll (API version 3709383).
LogModuleManager: Display: Found up-to-date module file ../../../Engine/Plugins/Blendables/LightPropagationVolume/Binaries/Win64/UE4Editor-LightPropagationVolumeEditor.dll (API version 3709383).
LogModuleManager: Display: Found up-to-date module file ../../../Engine/Plugins/Developer/GitSourceControl/Binaries/Win64/UE4Editor-GitSourceControl.dll (API version 3709383).
LogModuleManager: Display: Found up-to-date module file ../../../Engine/Plugins/Developer/PerforceSourceControl/Binaries/Win64/UE4Editor-PerforceSourceControl.dll (API version 3709383).
LogModuleManager: Display: Found up-to-date module file ../../../Engine/Plugins/Developer/SubversionSourceControl/Binaries/Win64/UE4Editor-SubversionSourceControl.dll (API version 3709383).
LogModuleManager: Display: Found up-to-date module file ../../../Engine/Plugins/Developer/UObjectPlugin/Binaries/Win64/UE4Editor-UObjectPlugin.dll (API version 3709383).
LogModuleManager: Display: Found up-to-date module file ../../../Engine/Plugins/Developer/VisualStudioCodeSourceCodeAccess/Binaries/Win64/UE4Editor-VisualStudioCodeSourceCodeAccess.dll (API version 3709383).
LogModuleManager: Display: Found up-to-date module file ../../../Engine/Plugins/Developer/VisualStudioSourceCodeAccess/Binaries/Win64/UE4Editor-VisualStudioSourceCodeAccess.dll (API version 3709383).
LogModuleManager: Display: Found up-to-date module file ../../../Engine/Plugins/Editor/AssetManagerEditor/Binaries/Win64/UE4Editor-AssetManagerEditor.dll (API version 3709383).
LogModuleManager: Display: Found up-to-date module file ../../../Engine/Plugins/Editor/AudioCapture/Binaries/Win64/UE4Editor-AudioCapture.dll (API version 3709383).
LogModuleManager: Display: Found up-to-date module file ../../../Engine/Plugins/Editor/FacialAnimation/Binaries/Win64/UE4Editor-FacialAnimation.dll (API version 3709383).
LogModuleManager: Display: Found up-to-date module file ../../../Engine/Plugins/Editor/FacialAnimation/Binaries/Win64/UE4Editor-FacialAnimationEditor.dll (API version 3709383).
LogModuleManager: Display: Found up-to-date module file ../../../Engine/Plugins/Editor/GameplayTagsEditor/Binaries/Win64/UE4Editor-GameplayTagsEditor.dll (API version 3709383).
LogModuleManager: Display: Found up-to-date module file ../../../Engine/Plugins/Editor/MobileLauncherProfileWizard/Binaries/Win64/UE4Editor-MobileLauncherProfileWizard.dll (API version 3709383).
LogModuleManager: Display: Found up-to-date module file ../../../Engine/Plugins/Editor/PluginBrowser/Binaries/Win64/UE4Editor-PluginBrowser.dll (API version 3709383).
LogModuleManager: Display: Found up-to-date module file ../../../Engine/Plugins/Editor/SpeedTreeImporter/Binaries/Win64/UE4Editor-SpeedTreeImporter.dll (API version 3709383).
LogModuleManager: Display: Found up-to-date module file ../../../Engine/Plugins/Experimental/AlembicImporter/Binaries/Win64/UE4Editor-AlembicImporter.dll (API version 3709383).
LogModuleManager: Display: Found up-to-date module file ../../../Engine/Plugins/Experimental/AlembicImporter/Binaries/Win64/UE4Editor-AlembicLibrary.dll (API version 3709383).
LogModuleManager: Display: Found up-to-date module file ../../../Engine/Plugins/Experimental/CharacterAI/Binaries/Win64/UE4Editor-CharacterAI.dll (API version 3709383).
LogModuleManager: Display: Found up-to-date module file ../../../Engine/Plugins/Experimental/HTML5Networking/Binaries/Win64/UE4Editor-HTML5Networking.dll (API version 3709383).
LogModuleManager: Display: Found up-to-date module file ../../../Engine/Plugins/Media/AndroidMedia/Binaries/Win64/UE4Editor-AndroidMediaEditor.dll (API version 3709383).
LogModuleManager: Display: Found up-to-date module file ../../../Engine/Plugins/Media/AndroidMedia/Binaries/Win64/UE4Editor-AndroidMediaFactory.dll (API version 3709383).
LogModuleManager: Display: Found up-to-date module file ../../../Engine/Plugins/Media/AvfMedia/Binaries/Win64/UE4Editor-AvfMediaEditor.dll (API version 3709383).
LogModuleManager: Display: Found up-to-date module file ../../../Engine/Plugins/Media/AvfMedia/Binaries/Win64/UE4Editor-AvfMediaFactory.dll (API version 3709383).
LogModuleManager: Display: Found up-to-date module file ../../../Engine/Plugins/Media/AvfMedia/Binaries/Win64/UE4Editor-AvfMediaFactory.dll (API version 3709383).
LogModuleManager: Display: Found up-to-date module file ../../../Engine/Plugins/Media/ImgMedia/Binaries/Win64/UE4Editor-ImgMedia.dll (API version 3709383).
LogModuleManager: Display: Found up-to-date module file ../../../Engine/Plugins/Media/ImgMedia/Binaries/Win64/UE4Editor-ImgMediaEditor.dll (API version 3709383).
LogModuleManager: Display: Found up-to-date module file ../../../Engine/Plugins/Media/ImgMedia/Binaries/Win64/UE4Editor-ImgMediaFactory.dll (API version 3709383).
LogModuleManager: Display: Found up-to-date module file ../../../Engine/Plugins/Media/ImgMedia/Binaries/Win64/UE4Editor-ImgMediaFactory.dll (API version 3709383).
LogModuleManager: Display: Found up-to-date module file ../../../Engine/Plugins/Media/ImgMedia/Binaries/Win64/UE4Editor-OpenExrWrapper.dll (API version 3709383).
LogModuleManager: Display: Found up-to-date module file ../../../Engine/Plugins/Media/MediaCompositing/Binaries/Win64/UE4Editor-MediaCompositing.dll (API version 3709383).
LogModuleManager: Display: Found up-to-date module file ../../../Engine/Plugins/Media/MediaCompositing/Binaries/Win64/UE4Editor-MediaCompositingEditor.dll (API version 3709383).
LogModuleManager: Display: Found up-to-date module file ../../../Engine/Plugins/Media/MediaPlayerEditor/Binaries/Win64/UE4Editor-MediaPlayerEditor.dll (API version 3709383).
LogModuleManager: Display: Found up-to-date module file ../../../Engine/Plugins/Media/WmfMedia/Binaries/Win64/UE4Editor-WmfMedia.dll (API version 3709383).
LogModuleManager: Display: Found up-to-date module file ../../../Engine/Plugins/Media/WmfMedia/Binaries/Win64/UE4Editor-WmfMediaEditor.dll (API version 3709383).
LogModuleManager: Display: Found up-to-date module file ../../../Engine/Plugins/Media/WmfMedia/Binaries/Win64/UE4Editor-WmfMediaFactory.dll (API version 3709383).
LogModuleManager: Display: Found up-to-date module file ../../../Engine/Plugins/Media/WmfMedia/Binaries/Win64/UE4Editor-WmfMediaFactory.dll (API version 3709383).
LogModuleManager: Display: Found up-to-date module file ../../../Engine/Plugins/Messaging/TcpMessaging/Binaries/Win64/UE4Editor-TcpMessaging.dll (API version 3709383).
LogModuleManager: Display: Found up-to-date module file ../../../Engine/Plugins/Messaging/UdpMessaging/Binaries/Win64/UE4Editor-UdpMessaging.dll (API version 3709383).
LogModuleManager: Display: Found up-to-date module file ../../../Engine/Plugins/MovieScene/ActorSequence/Binaries/Win64/UE4Editor-ActorSequence.dll (API version 3709383).
LogModuleManager: Display: Found up-to-date module file ../../../Engine/Plugins/MovieScene/LevelSequenceEditor/Binaries/Win64/UE4Editor-LevelSequenceEditor.dll (API version 3709383).
LogModuleManager: Display: Found up-to-date module file ../../../Engine/Plugins/MovieScene/MatineeToLevelSequence/Binaries/Win64/UE4Editor-MatineeToLevelSequence.dll (API version 3709383).
LogModuleManager: Display: Found up-to-date module file ../../../Engine/Plugins/Online/OnlineSubsystem/Binaries/Win64/UE4Editor-OnlineSubsystem.dll (API version 3709383).
LogModuleManager: Display: Found up-to-date module file ../../../Engine/Plugins/Runtime/AndroidPermission/Binaries/Win64/UE4Editor-AndroidPermission.dll (API version 3709383).
LogModuleManager: Display: Found up-to-date module file ../../../Engine/Plugins/Online/OnlineSubsystemNull/Binaries/Win64/UE4Editor-OnlineSubsystemNull.dll (API version 3709383).
LogModuleManager: Display: Found up-to-date module file ../../../Engine/Plugins/Online/OnlineSubsystemUtils/Binaries/Win64/UE4Editor-OnlineSubsystemUtils.dll (API version 3709383).
LogModuleManager: Display: Found up-to-date module file ../../../Engine/Plugins/Online/OnlineSubsystemUtils/Binaries/Win64/UE4Editor-OnlineBlueprintSupport.dll (API version 3709383).
LogModuleManager: Display: Found up-to-date module file ../../../Engine/Plugins/Runtime/AndroidDeviceProfileSelector/Binaries/Win64/UE4Editor-AndroidDeviceProfileSelector.dll (API version 3709383).
LogModuleManager: Display: Found up-to-date module file ../../../Engine/Plugins/Runtime/AppleARKit/Binaries/Win64/UE4Editor-AppleARKit.dll (API version 3709383).
LogModuleManager: Display: Found up-to-date module file ../../../Engine/Plugins/Runtime/ArchVisCharacter/Binaries/Win64/UE4Editor-ArchVisCharacter.dll (API version 3709383).
LogModuleManager: Display: Found up-to-date module file ../../../Engine/Plugins/Runtime/CableComponent/Binaries/Win64/UE4Editor-CableComponent.dll (API version 3709383).
LogModuleManager: Display: Found up-to-date module file ../../../Engine/Plugins/Runtime/CustomMeshComponent/Binaries/Win64/UE4Editor-CustomMeshComponent.dll (API version 3709383).
LogModuleManager: Display: Found up-to-date module file ../../../Engine/Plugins/Runtime/ExampleDeviceProfileSelector/Binaries/Win64/UE4Editor-ExampleDeviceProfileSelector.dll (API version 3709383).
LogModuleManager: Display: Found up-to-date module file ../../../Engine/Plugins/Runtime/ImmediatePhysics/Binaries/Win64/UE4Editor-ImmediatePhysics.dll (API version 3709383).
LogModuleManager: Display: Found up-to-date module file ../../../Engine/Plugins/Runtime/ImmediatePhysics/Binaries/Win64/UE4Editor-ImmediatePhysicsEditor.dll (API version 3709383).
LogModuleManager: Display: Found up-to-date module file ../../../Engine/Plugins/Runtime/LocationServicesBPLibrary/Binaries/Win64/UE4Editor-LocationServicesBPLibrary.dll (API version 3709383).
LogModuleManager: Display: Found up-to-date module file ../../../Engine/Plugins/Runtime/MobilePatchingUtils/Binaries/Win64/UE4Editor-MobilePatchingUtils.dll (API version 3709383).
LogModuleManager: Display: Found up-to-date module file ../../../Engine/Plugins/Runtime/Oculus/OculusVR/Binaries/Win64/UE4Editor-OculusHMD.dll (API version 3709383).
LogModuleManager: Display: Found up-to-date module file ../../../Engine/Plugins/Runtime/Oculus/OculusVR/Binaries/Win64/UE4Editor-OculusInput.dll (API version 3709383).
LogModuleManager: Display: Found up-to-date module file ../../../Engine/Plugins/Runtime/Oculus/OculusVR/Binaries/Win64/UE4Editor-OculusEditor.dll (API version 3709383).
LogModuleManager: Display: Found up-to-date module file ../../../Engine/Plugins/Runtime/PhysXVehicles/Binaries/Win64/UE4Editor-PhysXVehicles.dll (API version 3709383).
LogModuleManager: Display: Found up-to-date module file ../../../Engine/Plugins/Runtime/PhysXVehicles/Binaries/Win64/UE4Editor-PhysXVehiclesEditor.dll (API version 3709383).
LogModuleManager: Display: Found up-to-date module file ../../../Engine/Plugins/Runtime/ProceduralMeshComponent/Binaries/Win64/UE4Editor-ProceduralMeshComponent.dll (API version 3709383).
LogModuleManager: Display: Found up-to-date module file ../../../Engine/Plugins/Runtime/ProceduralMeshComponent/Binaries/Win64/UE4Editor-ProceduralMeshComponentEditor.dll (API version 3709383).
LogModuleManager: Display: Found up-to-date module file ../../../Engine/Plugins/Runtime/RuntimePhysXCooking/Binaries/Win64/UE4Editor-RuntimePhysXCooking.dll (API version 3709383).
LogModuleManager: Display: Found up-to-date module file ../../../Engine/Plugins/Runtime/Steam/SteamVR/Binaries/Win64/UE4Editor-SteamVR.dll (API version 3709383).
LogModuleManager: Display: Found up-to-date module file ../../../Engine/Plugins/Runtime/Steam/SteamVR/Binaries/Win64/UE4Editor-SteamVRController.dll (API version 3709383).
LogModuleManager: Display: Found up-to-date module file ../../../Engine/Plugins/Runtime/WindowsMoviePlayer/Binaries/Win64/UE4Editor-WindowsMoviePlayer.dll (API version 3709383).
LogPluginManager: Mounting plugin Paper2D
LogPluginManager: Mounting plugin LightPropagationVolume
LogPluginManager: Mounting plugin CodeLiteSourceCodeAccess
LogPluginManager: Mounting plugin GitSourceControl
LogPluginManager: Mounting plugin KDevelopSourceCodeAccess
LogPluginManager: Mounting plugin NullSourceCodeAccess
LogPluginManager: Mounting plugin PerforceSourceControl
LogPluginManager: Mounting plugin SubversionSourceControl
LogPluginManager: Mounting plugin UObjectPlugin
LogPluginManager: Mounting plugin VisualStudioCodeSourceCodeAccess
LogPluginManager: Mounting plugin VisualStudioSourceCodeAccess
LogPluginManager: Mounting plugin XCodeSourceCodeAccess
LogPluginManager: Mounting plugin AssetManagerEditor
LogPluginManager: Mounting plugin AudioCapture
LogPluginManager: Mounting plugin FacialAnimation
LogPluginManager: Mounting plugin GameplayTagsEditor
LogPluginManager: Mounting plugin MobileLauncherProfileWizard
LogPluginManager: Mounting plugin PluginBrowser
LogPluginManager: Mounting plugin SpeedTreeImporter
LogPluginManager: Mounting plugin AlembicImporter
LogPluginManager: Mounting plugin CharacterAI
LogPluginManager: Mounting plugin HTML5Networking
LogPluginManager: Mounting plugin AndroidMedia
LogPluginManager: Mounting plugin AvfMedia
LogPluginManager: Mounting plugin ImgMedia
LogPluginManager: Mounting plugin MediaCompositing
LogPluginManager: Mounting plugin MediaPlayerEditor
LogPluginManager: Mounting plugin WmfMedia
LogPluginManager: Mounting plugin TcpMessaging
LogPluginManager: Mounting plugin UdpMessaging
LogPluginManager: Mounting plugin ActorSequence
LogPluginManager: Mounting plugin LevelSequenceEditor
LogPluginManager: Mounting plugin MatineeToLevelSequence
LogPluginManager: Mounting plugin OnlineSubsystemGooglePlay
LogPluginManager: Mounting plugin OnlineSubsystemIOS
LogPluginManager: Mounting plugin OnlineSubsystem
LogPluginManager: Mounting plugin OnlineSubsystemNull
LogPluginManager: Mounting plugin OnlineSubsystemUtils
LogPluginManager: Mounting plugin AndroidDeviceProfileSelector
LogPluginManager: Mounting plugin AndroidMoviePlayer
LogPluginManager: Mounting plugin AndroidPermission
LogPluginManager: Mounting plugin AppleARKit
LogPluginManager: Mounting plugin AppleMoviePlayer
LogPluginManager: Mounting plugin ArchVisCharacter
LogPluginManager: Mounting plugin CableComponent
LogPluginManager: Mounting plugin CustomMeshComponent
LogPluginManager: Mounting plugin ExampleDeviceProfileSelector
LogPluginManager: Mounting plugin GoogleCloudMessaging
LogPluginManager: Mounting plugin ImmediatePhysics
LogPluginManager: Mounting plugin IOSDeviceProfileSelector
LogPluginManager: Mounting plugin LinuxDeviceProfileSelector
LogPluginManager: Mounting plugin LocationServicesBPLibrary
LogPluginManager: Mounting plugin MobilePatchingUtils
LogPluginManager: Mounting plugin OculusVR
LogPluginManager: Plugin shader directory ../../../Engine/Plugins/Runtime/Oculus/OculusVR/Shaders found
LogPluginManager: Mapping shader source directory ../../../Engine/Plugins/Runtime/Oculus/OculusVR/Shaders to virtual directory /Plugin/OculusVR
LogPluginManager: Mounting plugin PhysXVehicles
LogPluginManager: Mounting plugin ProceduralMeshComponent
LogPluginManager: Mounting plugin RuntimePhysXCooking
LogPluginManager: Mounting plugin SteamVR
LogPluginManager: Mounting plugin WindowsMoviePlayer
LogInit: Using libcurl 7.47.1
LogInit:  - built for x86_64-pc-win32
LogInit:  - supports SSL with OpenSSL/1.0.2g
LogInit:  - supports HTTP deflate (compression) using libz 1.2.8
LogInit:  - other features:
LogInit:      CURL_VERSION_SSL
LogInit:      CURL_VERSION_LIBZ
LogInit:      CURL_VERSION_IPV6
LogInit:      CURL_VERSION_ASYNCHDNS
LogInit:      CURL_VERSION_LARGEFILE
LogInit:      CURL_VERSION_IDN
LogInit:  CurlRequestOptions (configurable via config and command line):
LogInit:  - bVerifyPeer = false  - Libcurl will NOT verify peer certificate
LogInit:  - bUseHttpProxy = false  - Libcurl will NOT use HTTP proxy
LogInit:  - bDontReuseConnections = false  - Libcurl will reuse connections
LogInit:  - CertBundlePath = nullptr  - Libcurl will use whatever was configured at build time.
LogInit: Build: ++UE4+Release-4.18-CL-3754814
LogInit: Engine Version: 4.18.1-3754814+++UE4+Release-4.18
LogInit: Compatible Engine Version: 4.18.0-3709383+++UE4+Release-4.18
LogInit: Net CL: 3709383
LogDevObjectVersion: Number of dev versions registered: 16
LogDevObjectVersion:   Dev-Blueprints (B0D832E4-1F89-4F0D-ACCF-7EB736FD4AA2): 10
LogDevObjectVersion:   Dev-Build (E1C64328-A22C-4D53-A36C-8E866417BD8C): 0
LogDevObjectVersion:   Dev-Core (375EC13C-06E4-48FB-B500-84F0262A717E): 2
LogDevObjectVersion:   Dev-Editor (E4B068ED-F494-42E9-A231-DA0B2E46BB41): 20
LogDevObjectVersion:   Dev-Framework (CFFC743F-43B0-4480-9391-14DF171D2073): 30
LogDevObjectVersion:   Dev-Mobile (B02B49B5-BB20-44E9-A304-32B752E40360): 0
LogDevObjectVersion:   Dev-Networking (A4E4105C-59A1-49B5-A7C5-40C4547EDFEE): 0
LogDevObjectVersion:   Dev-Online (39C831C9-5AE6-47DC-9A44-9C173E1C8E7C): 0
LogDevObjectVersion:   Dev-Physics (78F01B33-EBEA-4F98-B9B4-84EACCB95AA2): 0
LogDevObjectVersion:   Dev-Platform (6631380F-2D4D-43E0-8009-CF276956A95A): 0
LogDevObjectVersion:   Dev-Rendering (12F88B9F-8875-4AFC-A67C-D90C383ABD29): 20
LogDevObjectVersion:   Dev-Sequencer (7B5AE74C-D270-4C10-A958-57980B212A5A): 4
LogDevObjectVersion:   Dev-VR (D7296918-1DD6-4BDD-9DE2-64A83CC13884): 0
LogDevObjectVersion:   Dev-LoadTimes (C2A15278-BFE7-4AFE-6C17-90FF531DF755): 1
LogDevObjectVersion:   Private-Geometry (6EACA3D4-40EC-4CC1-B786-8BED09428FC5): 1
LogDevObjectVersion:   Dev-AnimPhys (29E575DD-E0A3-4627-9D10-D276232CDCEA): 12
LogInit: Compiled (64-bit): Nov 14 2017 02:05:55
LogInit: Compiled with Visual C++: 19.00.24215.01
LogInit: Build Configuration: Development
LogInit: Branch Name: ++UE4+Release-4.18
LogInit: Command line:  
LogInit: Base directory: D:/ue4/UE_4.18/Engine/Binaries/Win64/
LogInit: Installed Engine Build: 1
LogInit: Presizing for max 8388607 objects, including 0 objects not considered by GC, pre-allocating 0 bytes for permanent pool.
LogInit: Object subsystem initialized
[2017.11.27-14.05.51:723][  0]LogInit: Selected Device Profile: [Windows]
[2017.11.27-14.05.51:723][  0]LogInit: Applying CVar settings loaded from the selected device profile: [Windows]
[2017.11.27-14.05.51:763][  0]LogInit: Computer: DESKTOP-OGEJHOM
[2017.11.27-14.05.51:763][  0]LogInit: User: 超超
[2017.11.27-14.05.51:763][  0]LogInit: CPU Page size=4096, Cores=4
[2017.11.27-14.05.51:763][  0]LogInit: High frequency timer resolution =2.742190 MHz
[2017.11.27-14.05.51:763][  0]LogMemory: Memory total: Physical=7.9GB (8GB approx)
[2017.11.27-14.05.51:763][  0]LogMemory: Platform Memory Stats for Windows
[2017.11.27-14.05.51:763][  0]LogMemory: Process Physical Memory: 272.80 MB used, 272.80 MB peak
[2017.11.27-14.05.51:763][  0]LogMemory: Process Virtual Memory: 271.82 MB used, 271.82 MB peak
[2017.11.27-14.05.51:763][  0]LogMemory: Physical Memory: 4063.70 MB used,  4007.75 MB free, 8071.45 MB total
[2017.11.27-14.05.51:763][  0]LogMemory: Virtual Memory: 650.37 MB used,  4007.75 MB free, 134217728.00 MB total
[2017.11.27-14.05.53:289][  0]LogInit: Overriding language with editor language configuration option (en).
[2017.11.27-14.05.53:289][  0]LogInit: Overriding locale with editor locale configuration option (en).
[2017.11.27-14.05.54:273][  0]LogInit: Setting process to per monitor DPI aware
[2017.11.27-14.05.57:290][  0]LogD3D11RHI: D3D11 adapters:
[2017.11.27-14.05.57:358][  0]LogD3D11RHI:    0. 'NVIDIA GeForce GTX 1060' (Feature Level 11_0)
[2017.11.27-14.05.57:358][  0]LogD3D11RHI:       6049/0/4035 MB DedicatedVideo/DedicatedSystem/SharedSystem, Outputs:1, VendorId:0x10de
[2017.11.27-14.05.57:370][  0]LogD3D11RHI:    1. 'Intel(R) HD Graphics 630' (Feature Level 11_0)
[2017.11.27-14.05.57:370][  0]LogD3D11RHI:       128/0/4035 MB DedicatedVideo/DedicatedSystem/SharedSystem, Outputs:0, VendorId:0x8086
[2017.11.27-14.05.57:371][  0]LogD3D11RHI:    2. 'Microsoft Basic Render Driver' (Feature Level 11_0)
[2017.11.27-14.05.57:371][  0]LogD3D11RHI:       0/0/4035 MB DedicatedVideo/DedicatedSystem/SharedSystem, Outputs:0, VendorId:0x1414
[2017.11.27-14.05.57:371][  0]LogD3D11RHI: Chosen D3D11 Adapter: 0
[2017.11.27-14.05.57:377][  0]LogD3D11RHI: Creating new Direct3DDevice
[2017.11.27-14.05.57:377][  0]LogD3D11RHI:     GPU DeviceId: 0x1c20 (for the marketing name, search the web for "GPU Device Id")
[2017.11.27-14.05.57:377][  0]LogWindows: EnumDisplayDevices:
[2017.11.27-14.05.57:377][  0]LogWindows:    0. 'Intel(R) HD Graphics 630' (P:1 D:1)
[2017.11.27-14.05.57:378][  0]LogWindows:    1. 'Intel(R) HD Graphics 630' (P:0 D:0)
[2017.11.27-14.05.57:379][  0]LogWindows:    2. 'Intel(R) HD Graphics 630' (P:0 D:0)
[2017.11.27-14.05.57:379][  0]LogWindows:    3. 'NVIDIA GeForce GTX 1060' (P:0 D:0)
[2017.11.27-14.05.57:380][  0]LogWindows:    4. 'NVIDIA GeForce GTX 1060' (P:0 D:0)
[2017.11.27-14.05.57:380][  0]LogWindows:    5. 'NVIDIA GeForce GTX 1060' (P:0 D:0)
[2017.11.27-14.05.57:381][  0]LogWindows:    6. 'NVIDIA GeForce GTX 1060' (P:0 D:0)
[2017.11.27-14.05.57:381][  0]LogWindows: DebugString: PrimaryIsNotTheChoosenAdapter PrimaryIsNotTheChoosenAdapter PrimaryIsNotTheChoosenAdapter FoundDriverCount:4 
[2017.11.27-14.05.57:381][  0]LogD3D11RHI:     Adapter Name: NVIDIA GeForce GTX 1060
[2017.11.27-14.05.57:381][  0]LogD3D11RHI:   Driver Version: 385.28 (internal:22.21.13.8528, unified:385.28)
[2017.11.27-14.05.57:381][  0]LogD3D11RHI:      Driver Date: 8-9-2017
[2017.11.27-14.05.57:381][  0]LogRHI: Texture pool is 4234 MB (70% of 6049 MB)
[2017.11.27-14.05.57:415][  0]LogD3D11RHI: Async texture creation enabled
[2017.11.27-14.05.57:429][  0]LogD3D11RHI: GPU Timing Frequency: 1000.000000 (Debug: 2 1)
[2017.11.27-14.05.57:430][  0]LogShaderCompilers: Guid format shader working directory is 14 characters bigger than the processId version (../../../../Cold-winter-wind/Intermediate/Shaders/WorkingDirectory/14704/).
[2017.11.27-14.05.57:430][  0]LogShaderCompilers: Cleaned the shader compiler working directory 'C:/Users/超超/AppData/Local/Temp/UnrealShaderWorkingDir/322A85F1406F2D2DF77568A6C3A8F1F1/'.
[2017.11.27-14.05.57:430][  0]LogShaderCompilers: Display: Using Local Shader Compiler.
[2017.11.27-14.06.02:603][  0]LogTemp: Display: Loaded TP AllDesktopTargetPlatform
[2017.11.27-14.06.02:642][  0]LogTemp: Display: Loaded TP MacClientTargetPlatform
[2017.11.27-14.06.02:682][  0]LogTemp: Display: Loaded TP MacNoEditorTargetPlatform
[2017.11.27-14.06.02:722][  0]LogTemp: Display: Loaded TP MacServerTargetPlatform
[2017.11.27-14.06.02:813][  0]LogTemp: Display: Loaded TP MacTargetPlatform
[2017.11.27-14.06.02:853][  0]LogTemp: Display: Loaded TP WindowsClientTargetPlatform
[2017.11.27-14.06.02:891][  0]LogTemp: Display: Loaded TP WindowsNoEditorTargetPlatform
[2017.11.27-14.06.02:930][  0]LogTemp: Display: Loaded TP WindowsServerTargetPlatform
[2017.11.27-14.06.02:962][  0]LogTemp: Display: Loaded TP WindowsTargetPlatform
[2017.11.27-14.06.03:001][  0]LogTemp: Display: Loaded TP Android_ASTCTargetPlatform
[2017.11.27-14.06.03:039][  0]LogTemp: Display: Loaded TP Android_ATCTargetPlatform
[2017.11.27-14.06.03:078][  0]LogTemp: Display: Loaded TP Android_DXTTargetPlatform
[2017.11.27-14.06.03:116][  0]LogTemp: Display: Loaded TP Android_ETC1TargetPlatform
[2017.11.27-14.06.03:154][  0]LogTemp: Display: Loaded TP Android_ETC2TargetPlatform
[2017.11.27-14.06.03:229][  0]LogTemp: Display: Loaded TP Android_MultiTargetPlatform
[2017.11.27-14.06.03:229][  0]LogTemp: Display: Loaded TP Android_PVRTCTargetPlatform
[2017.11.27-14.06.04:423][  0]LogTemp: Display: Loaded TP AndroidTargetPlatform
[2017.11.27-14.06.04:454][  0]LogTemp: Display: Loaded TP HTML5TargetPlatform
[2017.11.27-14.06.04:550][  0]LogTemp: Display: Loaded TP IOSTargetPlatform
[2017.11.27-14.06.04:578][  0]LogTemp: Display: Loaded TP TVOSTargetPlatform
[2017.11.27-14.06.04:616][  0]LogTemp: Display: Loaded TP LinuxClientTargetPlatform
[2017.11.27-14.06.04:653][  0]LogTemp: Display: Loaded TP LinuxNoEditorTargetPlatform
[2017.11.27-14.06.04:692][  0]LogTemp: Display: Loaded TP LinuxServerTargetPlatform
[2017.11.27-14.06.04:749][  0]LogTemp: Display: Loaded TP LinuxTargetPlatform
[2017.11.27-14.06.04:749][  0]LogTargetPlatformManager: Display: Building Assets For Windows
[2017.11.27-14.06.05:273][  0]LogDerivedDataCache: Display: Max Cache Size: 512 MB
[2017.11.27-14.06.05:609][  0]LogDerivedDataCache: Loaded boot cache 0.33s 78MB C:/Users/超超/AppData/Local/UnrealEngine/4.18/DerivedDataCache/Boot.ddc.
[2017.11.27-14.06.05:609][  0]LogDerivedDataCache: Display: Loaded Boot cache: C:/Users/超超/AppData/Local/UnrealEngine/4.18/DerivedDataCache/Boot.ddc
[2017.11.27-14.06.05:609][  0]LogDerivedDataCache: FDerivedDataBackendGraph:  Pak pak cache file ../../../../Cold-winter-wind/DerivedDataCache/DDC.ddp not found, will not use a pak cache.
[2017.11.27-14.06.05:609][  0]LogDerivedDataCache: Unable to find inner node Pak for hierarchical cache Hierarchy.
[2017.11.27-14.06.05:609][  0]LogDerivedDataCache: FDerivedDataBackendGraph:  CompressedPak pak cache file ../../../../Cold-winter-wind/DerivedDataCache/Compressed.ddp not found, will not use a pak cache.
[2017.11.27-14.06.05:609][  0]LogDerivedDataCache: Unable to find inner node CompressedPak for hierarchical cache Hierarchy.
[2017.11.27-14.06.05:625][  0]LogDerivedDataCache: Display: Pak cache opened for reading ../../../Engine/DerivedDataCache/Compressed.ddp.
[2017.11.27-14.06.05:638][  0]LogDerivedDataCache: Using Local data cache path C:/Users/超超/AppData/Local/UnrealEngine/Common/DerivedDataCache: Writable
[2017.11.27-14.06.05:656][  0]LogMaterial: Verifying Global Shaders for PCD3D_SM5
[2017.11.27-14.06.05:656][  0]LogSlate: Using Freetype 2.6.0
[2017.11.27-14.06.05:981][  0]LogSlate: SlateFontCache - WITH_FREETYPE: 1, WITH_HARFBUZZ: 1
[2017.11.27-14.06.05:981][  0]LogSlate: SlateFontCache - WITH_FREETYPE: 1, WITH_HARFBUZZ: 1
[2017.11.27-14.06.07:240][  0]LogInit: Selected Device Profile: [Windows]
[2017.11.27-14.06.08:097][  0]LogSimplygon: Simplygon DLL not present - disabling.
[2017.11.27-14.06.08:126][  0]LogMeshReduction: Using SimplygonSwarm for distributed automatic mesh merging
[2017.11.27-14.06.08:126][  0]LogMeshReduction: Using QuadricMeshReduction for automatic static mesh reduction
[2017.11.27-14.06.08:126][  0]LogMeshReduction: No automatic skeletal mesh reduction module available
[2017.11.27-14.06.08:126][  0]LogMeshReduction: No automatic mesh merging module available
[2017.11.27-14.06.08:126][  0]LogMeshMerging: No automatic mesh merging module available
[2017.11.27-14.06.08:218][  0]LogNetVersion: biyexiangmu , NetCL: 3709383, EngineNetVer: 2, GameNetVer: 0 (Checksum: 813597714)
[2017.11.27-14.06.08:816][  0]LogAssetRegistry: FAssetRegistry took 0.0262 seconds to start up
[2017.11.27-14.06.11:467][  0]LogPackageLocalizationCache: Processed 7 localized package path(s) for 1 prioritized culture(s) in 0.032432 seconds
[2017.11.27-14.06.11:474][  0]LogUObjectArray: 35900 objects as part of root set at end of initial load.
[2017.11.27-14.06.11:474][  0]LogUObjectAllocator: 7372024 out of 0 bytes used by permanent object pool.
[2017.11.27-14.06.11:474][  0]LogUObjectArray: CloseDisregardForGC: 0/0 objects in disregard for GC pool
[2017.11.27-14.06.11:506][  0]LogInit: WinSock: version 1.1 (2.2), MaxSocks=32767, MaxUdp=65467
[2017.11.27-14.06.33:099][  0]LogTcpMessaging: Initializing TcpMessaging bridge
[2017.11.27-14.06.33:142][  0]LogUdpMessaging: Initializing bridge on interface 0.0.0.0:0 to multicast group 230.0.0.1:6666.
[2017.11.27-14.06.34:108][  0]LogMaterial: Uniform references updated for custom material expression Custom.
[2017.11.27-14.06.34:440][  0]SourceControl: Source control is disabled
[2017.11.27-14.06.34:440][  0]SourceControl: Source control is disabled
[2017.11.27-14.06.34:480][  0]SourceControl: Source control is disabled
[2017.11.27-14.06.34:518][  0]SourceControl: Source control is disabled
[2017.11.27-14.06.35:702][  0]LogAndroidPermission: UAndroidPermissionCallbackProxy::GetInstance
[2017.11.27-14.06.35:902][  0]LogOcInput: OculusInput pre-init called
[2017.11.27-14.06.36:531][  0]LogEngine: Initializing Engine...
[2017.11.27-14.06.36:768][  0]LogHMD: Failed to initialize OpenVR with code 110
[2017.11.27-14.06.37:128][  0]LogStats: UGameplayTagsManager::ConstructGameplayTagTree: Construct from data asset -  0.000 s
[2017.11.27-14.06.37:128][  0]LogStats: UGameplayTagsManager::ConstructGameplayTagTree: GameplayTagTreeChangedEvent.Broadcast -  0.000 s
[2017.11.27-14.06.37:603][  0]LogAIModule: Creating AISystem for world Untitled
[2017.11.27-14.06.37:666][  0]LogInit: XAudio2 using '扬声器 (Realtek High Definition Audio)' : 2 channels at 48 kHz using 32 bits per sample (channel mask 0x3)
[2017.11.27-14.06.37:721][  0]LogInit: FAudioDevice initialized.
[2017.11.27-14.06.37:812][  0]LogDerivedDataCache: Saved boot cache 0.09s 80MB C:/Users/超超/AppData/Local/UnrealEngine/4.18/DerivedDataCache/Boot.ddc.
[2017.11.27-14.06.37:831][  0]LogInit: Texture streaming: Enabled
[2017.11.27-14.06.38:263][  0]LogEngineSessionManager: EngineSessionManager initialized
[2017.11.27-14.06.38:364][  0]LogInit: Transaction tracking system initialized
[2017.11.27-14.06.38:631][  0]BlueprintLog: New page: Editor Load
[2017.11.27-14.06.39:623][  0]LocalizationService: Localization service is disabled
[2017.11.27-14.06.40:230][  0]LogLinker: Warning: Can't find file '/Game/FirstPersonBP/FirstPersonOverview'
[2017.11.27-14.06.40:230][  0]LogLinker: Warning: Can't find file '/Game/FirstPersonBP/FirstPersonOverview'
[2017.11.27-14.06.40:230][  0]LogUObjectGlobals: Warning: Failed to find object 'Class /Game/FirstPersonBP/FirstPersonOverview.FirstPersonOverview_C'
[2017.11.27-14.06.40:503][  0]LogConsoleResponse: Display: 
[2017.11.27-14.06.41:547][  0]LogCook: Display: Max memory allowance for cook 16384mb min free memory 0mb
[2017.11.27-14.06.41:547][  0]LogCook: Display: Mobile HDR setting 1
[2017.11.27-14.06.41:547][  0]LogGameplayTags: Display: UGameplayTagsManager::DoneAddingNativeTags. DelegateIsBound: 0
[2017.11.27-14.06.42:734][  0]LogFileCache: Scanning file cache for directory 'D:/ue4/Cold-winter-wind/Content/' took 0.01s
[2017.11.27-14.06.43:355][  0]SourceControl: Source control is disabled
[2017.11.27-14.06.43:375][  0]Cmd: MAP LOAD FILE="../../../../Cold-winter-wind/Content/ThirdPersonBP/Maps/ThirdPersonExampleMap.umap" TEMPLATE=0 SHOWPROGRESS=1 FEATURELEVEL=3
[2017.11.27-14.06.43:376][  0]LightingResults: New page: Lighting Build
[2017.11.27-14.06.43:407][  0]MapCheck: New page: Map Check
[2017.11.27-14.06.43:407][  0]LightingResults: New page: Lighting Build
[2017.11.27-14.06.44:208][  0]LogAIModule: Creating AISystem for world ThirdPersonExampleMap
[2017.11.27-14.06.44:251][  0]LogEditorServer: Finished looking for orphan Actors (0.000 secs)
[2017.11.27-14.06.44:280][  0]Cmd: MAP CHECKDEP NOCLEARLOG
[2017.11.27-14.06.44:314][  0]MapCheck: Map check complete: 0 Error(s), 0 Warning(s), took 34.66ms to complete.
[2017.11.27-14.06.44:314][  0]LogFileHelpers: Loading map 'ThirdPersonExampleMap' took 0.939
[2017.11.27-14.06.44:473][  0]LogWindowsTextInputMethodSystem: Display: IME system now activated using TSF (微软拼音).
[2017.11.27-14.06.44:888][  0]LogCollectionManager: Loaded 0 collections in 0.001140 seconds
[2017.11.27-14.06.45:411][  0]LogFileCache: Scanning file cache for directory 'D:/ue4/Cold-winter-wind/Saved/Collections/' took 0.01s
[2017.11.27-14.06.45:411][  0]LogFileCache: Scanning file cache for directory 'D:/ue4/Cold-winter-wind/Content/Developers/超超/Collections/' took 0.01s
[2017.11.27-14.06.45:411][  0]LogFileCache: Scanning file cache for directory 'D:/ue4/Cold-winter-wind/Content/Collections/' took 0.01s
[2017.11.27-14.06.45:411][  0]LogCollectionManager: Rebuilt the GUID cache for 0 collections in 0.000000 seconds
[2017.11.27-14.06.45:435][  0]LogContentBrowser: Native class hierarchy populated in 0.0188 seconds. Added 2363 classes and 519 folders.
[2017.11.27-14.06.45:506][  0]LogContentBrowser: Native class hierarchy updated for 'WidgetCarousel' in 0.0003 seconds. Added 0 classes and 0 folders.
[2017.11.27-14.06.46:308][  0]LogContentBrowser: Native class hierarchy updated for 'AddContentDialog' in 0.0002 seconds. Added 0 classes and 0 folders.
[2017.11.27-14.06.46:342][  0]LogContentBrowser: Native class hierarchy updated for 'SceneOutliner' in 0.0003 seconds. Added 1 classes and 2 folders.
[2017.11.27-14.06.46:498][  0]LogSlate: Took 0.019214 seconds to synchronously load lazily loaded font '../../../Engine/Content/Slate/Fonts/Roboto-Regular.ttf' (155K)
[2017.11.27-14.06.46:524][  0]LogSlate: Took 0.023787 seconds to synchronously load lazily loaded font '../../../Engine/Content/Slate/Fonts/Roboto-Bold.ttf' (160K)
[2017.11.27-14.06.46:543][  0]LogSlate: Took 0.013830 seconds to synchronously load lazily loaded font '../../../Engine/Content/Editor/Slate/Fonts/FontAwesome.ttf' (139K)
[2017.11.27-14.06.46:704][  0]LogRenderer: Reallocating scene render targets to support 888x424 Format 10 NumSamples 1 (Frame:1).
[2017.11.27-14.06.47:114][  0]LogContentBrowser: Native class hierarchy updated for 'HierarchicalLODOutliner' in 0.0003 seconds. Added 1 classes and 2 folders.
[2017.11.27-14.06.47:114][  0]LogLoad: (Engine Initialization) Total time: 60.08 seconds
[2017.11.27-14.06.47:114][  0]LogLoad: (Engine Initialization) Total Blueprint compile time: 0.00 seconds
[2017.11.27-14.06.47:116][  0]LogExternalProfiler: No external profilers were discovered.  External profiling features will not be available.
[2017.11.27-14.06.47:436][  0]LogContentStreaming: Texture pool size now 1000 MB
[2017.11.27-14.06.47:575][  0]LogSlate: Took 0.006878 seconds to synchronously load lazily loaded font '../../../Engine/Content/Slate/Fonts/Roboto-Light.ttf' (159K)
[2017.11.27-14.06.47:685][  1]LogAssetRegistry: Asset discovery search completed in 38.8925 seconds
[2017.11.27-14.06.47:710][  1]LogCollectionManager: Rebuilt the object cache for 0 collections in 0.000000 seconds (found 0 objects)
[2017.11.27-14.06.47:710][  1]LogCollectionManager: Fixed up redirectors for 0 collections in 0.000088 seconds (updated 0 objects)
[2017.11.27-14.08.09:493][245]LogHttp: Warning: 000001790C6EDD80: request failed, libcurl error: 7 (Couldn't connect to server)
[2017.11.27-14.08.09:493][245]LogHttp: Warning: 000001790C6EDD80: libcurl info message cache 0 (  Trying 119.28.34.46...)
[2017.11.27-14.08.09:493][245]LogHttp: Warning: 000001790C6EDD80: libcurl info message cache 1 (connect to 119.28.34.46 port 443 failed: Timed out)
[2017.11.27-14.08.09:493][245]LogHttp: Warning: 000001790C6EDD80: libcurl info message cache 2 (Failed to connect to datarouter.ol.epicgames.com port 443: Timed out)
[2017.11.27-14.08.09:493][245]LogHttp: Warning: 000001790C6EDD80: libcurl info message cache 3 (Closing connection 0)
[2017.11.27-14.10.30:794][875]LogHttp: Warning: 000001791A2B5480: request failed, libcurl error: 7 (Couldn't connect to server)
[2017.11.27-14.10.30:794][875]LogHttp: Warning: 000001791A2B5480: libcurl info message cache 0 (Hostname in DNS cache was stale, zapped)
[2017.11.27-14.10.30:794][875]LogHttp: Warning: 000001791A2B5480: libcurl info message cache 1 (  Trying 119.28.34.46...)
[2017.11.27-14.10.30:794][875]LogHttp: Warning: 000001791A2B5480: libcurl info message cache 2 (connect to 119.28.34.46 port 443 failed: Timed out)
[2017.11.27-14.10.30:795][875]LogHttp: Warning: 000001791A2B5480: libcurl info message cache 3 (Failed to connect to datarouter.ol.epicgames.com port 443: Timed out)
[2017.11.27-14.10.30:795][875]LogHttp: Warning: 000001791A2B5480: libcurl info message cache 4 (Closing connection 1)
[2017.11.27-14.12.33:717][586]LogSlate: Took 0.000129 seconds to synchronously load lazily loaded font '../../../Engine/Content/Slate/Fonts/Roboto-Light.ttf' (159K)
[2017.11.27-14.12.34:594][586]LogMetaData: Removing '/Game/ColdWinterWind/Blueprint/BP-Widget/BackpackWidget.SKEL_BackpackWidget_C' ref from Metadata '/Game/ColdWinterWind/Blueprint/BP-Widget/NewWidgetBlueprint.PackageMetaData'
[2017.11.27-14.12.34:594][586]LogMetaData: Removing '/Game/ColdWinterWind/Blueprint/BP-Widget/BackpackWidget.BackpackWidget_C' ref from Metadata '/Game/ColdWinterWind/Blueprint/BP-Widget/NewWidgetBlueprint.PackageMetaData'
[2017.11.27-14.12.34:594][586]LogMetaData: Removing '/Game/ColdWinterWind/Blueprint/BP-Widget/BackpackWidget.BackpackWidget:EventGraph.K2Node_Event_0' ref from Metadata '/Game/ColdWinterWind/Blueprint/BP-Widget/NewWidgetBlueprint.PackageMetaData'
[2017.11.27-14.12.34:594][586]LogMetaData: Removing '/Game/ColdWinterWind/Blueprint/BP-Widget/BackpackWidget.BackpackWidget:EventGraph.K2Node_Event_1' ref from Metadata '/Game/ColdWinterWind/Blueprint/BP-Widget/NewWidgetBlueprint.PackageMetaData'
[2017.11.27-14.12.34:594][586]LogMetaData: Removing '/Game/ColdWinterWind/Blueprint/BP-Widget/BackpackWidget.BackpackWidget:EventGraph.K2Node_Event_2' ref from Metadata '/Game/ColdWinterWind/Blueprint/BP-Widget/NewWidgetBlueprint.PackageMetaData'
[2017.11.27-14.12.34:644][586]Cmd: OBJ SAVEPACKAGE PACKAGE="/Game/ColdWinterWind/Blueprint/BP-Widget/BackpackWidget" FILE="../../../../Cold-winter-wind/Content/ColdWinterWind/Blueprint/BP-Widget/BackpackWidget.uasset" SILENT=true
[2017.11.27-14.12.34:715][586]LogSavePackage: Save=65.74ms
[2017.11.27-14.12.34:715][586]LogSavePackage: Moving '../../../../Cold-winter-wind/Saved/BackpackWidget74C4506D470C7B181168A2A6D5458B1A.tmp' to '../../../../Cold-winter-wind/Content/ColdWinterWind/Blueprint/BP-Widget/BackpackWidget.uasset'
[2017.11.27-14.12.34:734][586]LogSavePackage: Display: Finished SavePackage ../../../../Cold-winter-wind/Content/ColdWinterWind/Blueprint/BP-Widget/BackpackWidget.uasset
[2017.11.27-14.13.08:799][163]LogSavePackage: Save=488.54ms
[2017.11.27-14.13.08:799][163]LogSavePackage: Moving '../../../../Cold-winter-wind/Saved/ThirdPersonExampleMapECE0C4864D866ED8277C469EBB4456F4.tmp' to '../../../../Cold-winter-wind/Content/ThirdPersonBP/Maps/ThirdPersonExampleMap.umap'
[2017.11.27-14.13.08:803][163]LogSavePackage: Display: Finished SavePackage ../../../../Cold-winter-wind/Content/ThirdPersonBP/Maps/ThirdPersonExampleMap.umap
[2017.11.27-14.13.08:826][163]Cmd: OBJ SAVEPACKAGE PACKAGE="/Game/ThirdPersonBP/Maps/ThirdPersonExampleMap_BuiltData" FILE="../../../../Cold-winter-wind/Content/ThirdPersonBP/Maps/ThirdPersonExampleMap_BuiltData.uasset" SILENT=true
[2017.11.27-14.13.09:053][163]LogSavePackage: Save=215.81ms
[2017.11.27-14.13.09:053][163]LogSavePackage: Moving '../../../../Cold-winter-wind/Saved/ThirdPersonExampleMap_BuiltData752451B346B43E9B31193692A0D5B521.tmp' to '../../../../Cold-winter-wind/Content/ThirdPersonBP/Maps/ThirdPersonExampleMap_BuiltData.uasset'
[2017.11.27-14.13.09:054][163]LogSavePackage: Display: Finished SavePackage ../../../../Cold-winter-wind/Content/ThirdPersonBP/Maps/ThirdPersonExampleMap_BuiltData.uasset
[2017.11.27-14.14.15:837][446]LogEditorViewport: Clicking on Actor (LMB): StaticMeshActor (Floor)
[2017.11.27-14.14.17:039][446]LogEditorViewport: Clicking on Actor (context menu): StaticMeshActor (Floor)
[2017.11.27-14.14.18:429][504]LogEditorViewport: Clicking on Actor (LMB): StaticMeshActor (Floor)
[2017.11.27-14.20.58:560][836]LogTemp: Repeating last play command: Selected Viewport
[2017.11.27-14.20.58:654][836]LogBlueprintUserMessages: Early PlayInEditor Detection: Level '/Game/ThirdPersonBP/Maps/ThirdPersonExampleMap.ThirdPersonExampleMap:PersistentLevel' has LevelScriptBlueprint '/Game/ThirdPersonBP/Maps/ThirdPersonExampleMap.ThirdPersonExampleMap:PersistentLevel.ThirdPersonExampleMap' with GeneratedClass '/Game/ThirdPersonBP/Maps/ThirdPersonExampleMap.ThirdPersonExampleMap_C' with ClassGeneratedBy '/Game/ThirdPersonBP/Maps/ThirdPersonExampleMap.ThirdPersonExampleMap:PersistentLevel.ThirdPersonExampleMap'
[2017.11.27-14.20.58:654][836]LogPlayLevel: PlayLevel: No blueprints needed recompiling
[2017.11.27-14.20.58:746][836]PIE: New page: PIE session: ThirdPersonExampleMap (Nov 28, 2017, 6:20:58 AM)
[2017.11.27-14.20.58:763][836]LogPlayLevel: Creating play world package: /Game/ThirdPersonBP/Maps/UEDPIE_0_ThirdPersonExampleMap
[2017.11.27-14.20.58:824][836]LogPlayLevel: PIE: StaticDuplicateObject took: (0.060918s)
[2017.11.27-14.20.58:825][836]LogAIModule: Creating AISystem for world ThirdPersonExampleMap
[2017.11.27-14.20.58:843][836]LogPlayLevel: PIE: World Init took: (0.018060s)
[2017.11.27-14.20.58:843][836]LogPlayLevel: PIE: Created PIE world by copying editor world from /Game/ThirdPersonBP/Maps/ThirdPersonExampleMap.ThirdPersonExampleMap to /Game/ThirdPersonBP/Maps/UEDPIE_0_ThirdPersonExampleMap.ThirdPersonExampleMap (0.079443s)
[2017.11.27-14.20.58:927][836]LogInit: XAudio2 using '扬声器 (Realtek High Definition Audio)' : 2 channels at 48 kHz using 32 bits per sample (channel mask 0x3)
[2017.11.27-14.20.58:963][836]LogInit: FAudioDevice initialized.
[2017.11.27-14.20.59:843][836]LogLoad: Game class is 'BP_BaseGameMode_C'
[2017.11.27-14.20.59:980][836]LogWorld: Bringing World /Game/ThirdPersonBP/Maps/UEDPIE_0_ThirdPersonExampleMap.ThirdPersonExampleMap up for play (max tick rate 60) at 2017.11.27-22.20.59
[2017.11.27-14.21.00:016][836]LogWorld: Bringing up level for play took: 0.036457
[2017.11.27-14.21.00:226][836]LogContentBrowser: Native class hierarchy updated for 'MovieSceneCapture' in 0.0165 seconds. Added 11 classes and 0 folders.
[2017.11.27-14.21.00:445][836]PIE: Play in editor start time for /Game/ThirdPersonBP/Maps/UEDPIE_0_ThirdPersonExampleMap 1.837
[2017.11.27-14.21.00:445][836]LogBlueprintUserMessages: Late PlayInEditor Detection: Level '/Game/ThirdPersonBP/Maps/ThirdPersonExampleMap.ThirdPersonExampleMap:PersistentLevel' has LevelScriptBlueprint '/Game/ThirdPersonBP/Maps/ThirdPersonExampleMap.ThirdPersonExampleMap:PersistentLevel.ThirdPersonExampleMap' with GeneratedClass '/Game/ThirdPersonBP/Maps/ThirdPersonExampleMap.ThirdPersonExampleMap_C' with ClassGeneratedBy '/Game/ThirdPersonBP/Maps/ThirdPersonExampleMap.ThirdPersonExampleMap:PersistentLevel.ThirdPersonExampleMap'
[2017.11.27-14.21.08:846][317]LogBlueprintUserMessages: Early EndPlayMap Detection: Level '/Game/ThirdPersonBP/Maps/ThirdPersonExampleMap.ThirdPersonExampleMap:PersistentLevel' has LevelScriptBlueprint '/Game/ThirdPersonBP/Maps/ThirdPersonExampleMap.ThirdPersonExampleMap:PersistentLevel.ThirdPersonExampleMap' with GeneratedClass '/Game/ThirdPersonBP/Maps/ThirdPersonExampleMap.ThirdPersonExampleMap_C' with ClassGeneratedBy '/Game/ThirdPersonBP/Maps/ThirdPersonExampleMap.ThirdPersonExampleMap:PersistentLevel.ThirdPersonExampleMap'
[2017.11.27-14.21.09:016][317]LogBlueprintUserMessages: Late EndPlayMap Detection: Level '/Game/ThirdPersonBP/Maps/ThirdPersonExampleMap.ThirdPersonExampleMap:PersistentLevel' has LevelScriptBlueprint '/Game/ThirdPersonBP/Maps/ThirdPersonExampleMap.ThirdPersonExampleMap:PersistentLevel.ThirdPersonExampleMap' with GeneratedClass '/Game/ThirdPersonBP/Maps/ThirdPersonExampleMap.ThirdPersonExampleMap_C' with ClassGeneratedBy '/Game/ThirdPersonBP/Maps/ThirdPersonExampleMap.ThirdPersonExampleMap:PersistentLevel.ThirdPersonExampleMap'
[2017.11.27-14.21.13:545][544]LogSlate: Took 0.000136 seconds to synchronously load lazily loaded font '../../../Engine/Content/Slate/Fonts/Roboto-Regular.ttf' (155K)
[2017.11.27-14.21.13:911][544]LogContentBrowser: Native class hierarchy updated for 'BlueprintGraph' in 0.0005 seconds. Added 116 classes and 0 folders.
[2017.11.27-14.21.16:149][544]LogSlate: Took 0.000139 seconds to synchronously load lazily loaded font '../../../Engine/Content/Slate/Fonts/Roboto-Light.ttf' (159K)
[2017.11.27-14.21.16:168][544]LogSlate: Took 0.018192 seconds to synchronously load lazily loaded font '../../../Engine/Content/Editor/Slate/Fonts/Roboto-BoldCondensed.ttf' (158K)
[2017.11.27-15.58.52:150][823]LogWindowsTextInputMethodSystem: Display: IME system now activated using TSF (微软拼音).
[2017.11.27-15.58.52:483][824]Cmd: QUIT_EDITOR
[2017.11.27-15.58.52:719][824]LogExit: Preparing to exit.
[2017.11.27-15.58.53:059][824]LogDirectoryWatcher: A directory notification for 'D:/ue4/Cold-winter-wind/Content/' was aborted.
[2017.11.27-15.58.53:191][824]LogExit: Editor shut down
[2017.11.27-15.58.53:225][824]LogExit: Transaction tracking system shut down
[2017.11.27-15.58.53:323][824]LogDirectoryWatcher: A directory notification for '../../../Engine/Content/' was aborted.
[2017.11.27-15.58.53:323][824]LogDirectoryWatcher: A directory notification for '../../../../Cold-winter-wind/Content/' was aborted.
[2017.11.27-15.58.53:323][824]LogDirectoryWatcher: A directory notification for '../../../Engine/Plugins/2D/Paper2D/Content/' was aborted.
[2017.11.27-15.58.53:323][824]LogDirectoryWatcher: A directory notification for '../../../Engine/Plugins/Media/MediaCompositing/Content/' was aborted.
[2017.11.27-15.58.53:323][824]LogDirectoryWatcher: A directory notification for '../../../Engine/Plugins/Runtime/AppleARKit/Content/' was aborted.
[2017.11.27-15.58.53:323][824]LogDirectoryWatcher: A directory notification for '../../../Engine/Plugins/Runtime/Oculus/OculusVR/Content/' was aborted.
[2017.11.27-15.58.53:323][824]LogDirectoryWatcher: A directory notification for '../../../Engine/Plugins/Runtime/Steam/SteamVR/Content/' was aborted.
[2017.11.27-15.58.53:526][824]LogExit: Object subsystem successfully closed.
[2017.11.27-15.58.53:568][824]LogD3D11RHI: Shutdown
[2017.11.27-15.58.53:568][824]LogD3D11RHI: CleanupD3DDevice
[2017.11.27-15.58.53:573][824]LogD3D11RHI: ~FD3D11DynamicRHI
[2017.11.27-15.58.53:598][824]LogModuleManager: Shutting down and abandoning module SequencerWidgets (554)
[2017.11.27-15.58.53:598][824]LogModuleManager: Shutting down and abandoning module BlueprintGraph (552)
[2017.11.27-15.58.53:598][824]LogModuleManager: Shutting down and abandoning module MovieSceneCapture (550)
[2017.11.27-15.58.53:598][824]LogModuleManager: Shutting down and abandoning module HierarchicalLODOutliner (548)
[2017.11.27-15.58.53:598][824]LogModuleManager: Shutting down and abandoning module SceneOutliner (546)
[2017.11.27-15.58.53:598][824]LogModuleManager: Shutting down and abandoning module AddContentDialog (544)
[2017.11.27-15.58.53:598][824]LogDirectoryWatcher: A directory notification for 'D:/ue4/UE_4.18/FeaturePacks/' was aborted.
[2017.11.27-15.58.53:604][824]LogModuleManager: Shutting down and abandoning module WidgetCarousel (543)
[2017.11.27-15.58.53:604][824]LogModuleManager: Shutting down and abandoning module EditorWidgets (540)
[2017.11.27-15.58.53:604][824]LogModuleManager: Shutting down and abandoning module CollectionManager (538)
[2017.11.27-15.58.53:604][824]LogDirectoryWatcher: A directory notification for 'D:/ue4/Cold-winter-wind/Content/Collections/' was aborted.
[2017.11.27-15.58.53:604][824]LogDirectoryWatcher: A directory notification for 'D:/ue4/Cold-winter-wind/Content/Developers/超超/Collections/' was aborted.
[2017.11.27-15.58.53:604][824]LogDirectoryWatcher: A directory notification for 'D:/ue4/Cold-winter-wind/Saved/Collections/' was aborted.
[2017.11.27-15.58.53:604][824]LogModuleManager: Shutting down and abandoning module StatsViewer (536)
[2017.11.27-15.58.53:605][824]LogModuleManager: Shutting down and abandoning module FoliageEdit (534)
[2017.11.27-15.58.53:605][824]LogModuleManager: Shutting down and abandoning module LandscapeEditor (532)
[2017.11.27-15.58.53:605][824]LogModuleManager: Shutting down and abandoning module MeshPaintMode (530)
[2017.11.27-15.58.53:605][824]LogModuleManager: Shutting down and abandoning module SceneDepthPickerMode (528)
[2017.11.27-15.58.53:605][824]LogModuleManager: Shutting down and abandoning module ActorPickerMode (526)
[2017.11.27-15.58.53:605][824]LogModuleManager: Shutting down and abandoning module GeometryMode (524)
[2017.11.27-15.58.53:605][824]LogModuleManager: Shutting down and abandoning module TextureAlignMode (522)
[2017.11.27-15.58.53:605][824]LogModuleManager: Shutting down and abandoning module BspMode (520)
[2017.11.27-15.58.53:605][824]LogModuleManager: Shutting down and abandoning module PIEPreviewDeviceProfileSelector (518)
[2017.11.27-15.58.53:605][824]LogModuleManager: Shutting down and abandoning module HardwareSurvey (516)
[2017.11.27-15.58.53:605][824]LogModuleManager: Shutting down and abandoning module SequenceRecorderSections (514)
[2017.11.27-15.58.53:605][824]LogModuleManager: Shutting down and abandoning module AutomationWorker (512)
[2017.11.27-15.58.53:605][824]LogModuleManager: Shutting down and abandoning module MatineeToLevelSequence (510)
[2017.11.27-15.58.53:605][824]LogModuleManager: Shutting down and abandoning module LevelSequenceEditor (508)
[2017.11.27-15.58.53:605][824]LogModuleManager: Shutting down and abandoning module PlacementMode (507)
[2017.11.27-15.58.53:605][824]LogModuleManager: Shutting down and abandoning module WmfMediaFactory (504)
[2017.11.27-15.58.53:605][824]LogModuleManager: Shutting down and abandoning module WmfMediaEditor (502)
[2017.11.27-15.58.53:605][824]LogModuleManager: Shutting down and abandoning module OpenExrWrapper (500)
[2017.11.27-15.58.53:605][824]LogModuleManager: Shutting down and abandoning module ImgMediaFactory (498)
[2017.11.27-15.58.53:605][824]LogModuleManager: Shutting down and abandoning module ImgMediaEditor (496)
[2017.11.27-15.58.53:605][824]LogModuleManager: Shutting down and abandoning module AvfMediaFactory (494)
[2017.11.27-15.58.53:606][824]LogModuleManager: Shutting down and abandoning module AvfMediaEditor (492)
[2017.11.27-15.58.53:606][824]LogModuleManager: Shutting down and abandoning module AndroidMediaFactory (490)
[2017.11.27-15.58.53:606][824]LogModuleManager: Shutting down and abandoning module AndroidMediaEditor (488)
[2017.11.27-15.58.53:606][824]LogModuleManager: Shutting down and abandoning module CharacterAI (486)
[2017.11.27-15.58.53:606][824]LogModuleManager: Shutting down and abandoning module AudioCapture (484)
[2017.11.27-15.58.53:606][824]LogModuleManager: Shutting down and abandoning module SequenceRecorder (483)
[2017.11.27-15.58.53:606][824]LogModuleManager: Shutting down and abandoning module SmartSnapping (480)
[2017.11.27-15.58.53:606][824]LogModuleManager: Shutting down and abandoning module SessionServices (478)
[2017.11.27-15.58.53:606][824]LogModuleManager: Shutting down and abandoning module ViewportSnapping (476)
[2017.11.27-15.58.53:606][824]LogModuleManager: Shutting down and abandoning module ViewportInteraction (474)
[2017.11.27-15.58.53:606][824]LogModuleManager: Shutting down and abandoning module ClothPainter (472)
[2017.11.27-15.58.53:606][824]LogModuleManager: Shutting down and abandoning module SkeletalMeshEditor (471)
[2017.11.27-15.58.53:606][824]LogModuleManager: Shutting down and abandoning module LogVisualizer (468)
[2017.11.27-15.58.53:606][824]LogModuleManager: Shutting down and abandoning module IntroTutorials (466)
[2017.11.27-15.58.53:606][824]LogModuleManager: Shutting down and abandoning module GameProjectGeneration (465)
[2017.11.27-15.58.53:606][824]LogModuleManager: Shutting down and abandoning module IOSPlatformEditor (462)
[2017.11.27-15.58.53:606][824]LogModuleManager: Shutting down and abandoning module HTML5PlatformEditor (460)
[2017.11.27-15.58.53:606][824]LogModuleManager: Shutting down and abandoning module AndroidPlatformEditor (458)
[2017.11.27-15.58.53:606][824]LogModuleManager: Shutting down and abandoning module AndroidDeviceDetection (457)
[2017.11.27-15.58.53:874][824]LogModuleManager: Shutting down and abandoning module WindowsPlatformEditor (454)
[2017.11.27-15.58.53:874][824]LogModuleManager: Shutting down and abandoning module IOSRuntimeSettings (452)
[2017.11.27-15.58.53:874][824]LogModuleManager: Shutting down and abandoning module AndroidRuntimeSettings (450)
[2017.11.27-15.58.53:874][824]LogModuleManager: Shutting down and abandoning module InputBindingEditor (448)
[2017.11.27-15.58.53:874][824]LogModuleManager: Shutting down and abandoning module MergeActors (446)
[2017.11.27-15.58.53:874][824]LogModuleManager: Shutting down and abandoning module SizeMap (444)
[2017.11.27-15.58.53:874][824]LogModuleManager: Shutting down and abandoning module TreeMap (442)
[2017.11.27-15.58.53:874][824]LogModuleManager: Shutting down and abandoning module ReferenceViewer (440)
[2017.11.27-15.58.53:874][824]LogModuleManager: Shutting down and abandoning module LocalizationDashboard (438)
[2017.11.27-15.58.53:875][824]LogModuleManager: Shutting down and abandoning module LocalizationService (437)
[2017.11.27-15.58.53:875][824]LogModuleManager: Shutting down and abandoning module HardwareTargeting (434)
[2017.11.27-15.58.53:875][824]LogModuleManager: Shutting down and abandoning module DeviceProfileEditor (432)
[2017.11.27-15.58.53:875][824]LogModuleManager: Shutting down and abandoning module UndoHistory (430)
[2017.11.27-15.58.53:875][824]LogModuleManager: Shutting down and abandoning module XmlParser (428)
[2017.11.27-15.58.53:875][824]LogModuleManager: Shutting down and abandoning module Blutility (426)
[2017.11.27-15.58.53:875][824]LogModuleManager: Shutting down and abandoning module ProjectSettingsViewer (424)
[2017.11.27-15.58.53:875][824]LogModuleManager: Shutting down and abandoning module ProjectTargetPlatformEditor (423)
[2017.11.27-15.58.53:875][824]LogModuleManager: Shutting down and abandoning module EditorSettingsViewer (420)
[2017.11.27-15.58.53:875][824]LogModuleManager: Shutting down and abandoning module SettingsEditor (418)
[2017.11.27-15.58.53:875][824]LogModuleManager: Shutting down and abandoning module ProjectLauncher (416)
[2017.11.27-15.58.53:875][824]LogModuleManager: Shutting down and abandoning module SessionFrontend (414)
[2017.11.27-15.58.53:875][824]LogModuleManager: Shutting down and abandoning module ProfilerClient (412)
[2017.11.27-15.58.53:875][824]LogModuleManager: Shutting down and abandoning module DeviceManager (410)
[2017.11.27-15.58.53:875][824]LogModuleManager: Shutting down and abandoning module TargetDeviceServices (409)
[2017.11.27-15.58.53:920][824]LogModuleManager: Shutting down and abandoning module AutomationController (406)
[2017.11.27-15.58.53:920][824]LogModuleManager: Shutting down and abandoning module AutomationWindow (404)
[2017.11.27-15.58.53:920][824]LogModuleManager: Shutting down and abandoning module Layers (402)
[2017.11.27-15.58.53:920][824]LogModuleManager: Shutting down and abandoning module ComponentVisualizers (400)
[2017.11.27-15.58.53:920][824]LogModuleManager: Shutting down and abandoning module DetailCustomizations (398)
[2017.11.27-15.58.53:920][824]LogModuleManager: Shutting down and abandoning module PackagesDialog (396)
[2017.11.27-15.58.53:920][824]LogModuleManager: Shutting down and abandoning module Persona (394)
[2017.11.27-15.58.53:920][824]LogModuleManager: Shutting down and abandoning module AdvancedPreviewScene (393)
[2017.11.27-15.58.53:920][824]LogModuleManager: Shutting down and abandoning module AnimGraph (391)
[2017.11.27-15.58.53:920][824]LogModuleManager: Shutting down and abandoning module Kismet (388)
[2017.11.27-15.58.53:925][824]LogModuleManager: Shutting down and abandoning module ClassViewer (386)
[2017.11.27-15.58.53:925][824]LogModuleManager: Shutting down and abandoning module Toolbox (384)
[2017.11.27-15.58.53:925][824]LogModuleManager: Shutting down and abandoning module ModuleUI (382)
[2017.11.27-15.58.53:925][824]LogModuleManager: Shutting down and abandoning module MovieSceneTools (380)
[2017.11.27-15.58.53:925][824]LogModuleManager: Shutting down and abandoning module OutputLog (378)
[2017.11.27-15.58.53:925][824]LogModuleManager: Shutting down and abandoning module GammaUI (376)
[2017.11.27-15.58.53:926][824]LogModuleManager: Shutting down and abandoning module Documentation (374)
[2017.11.27-15.58.53:926][824]LogModuleManager: Shutting down and abandoning module MovieSceneTracks (372)
[2017.11.27-15.58.53:926][824]LogModuleManager: Shutting down and abandoning module MovieScene (370)
[2017.11.27-15.58.53:926][824]LogModuleManager: Shutting down and abandoning module StreamingPauseRendering (368)
[2017.11.27-15.58.53:926][824]LogModuleManager: Shutting down and abandoning module LauncherPlatform (366)
[2017.11.27-15.58.53:926][824]LogModuleManager: Shutting down and abandoning module AnalyticsET (364)
[2017.11.27-15.58.53:926][824]LogModuleManager: Shutting down and abandoning module PortalServices (362)
[2017.11.27-15.58.53:926][824]LogModuleManager: Shutting down and abandoning module PortalRpc (360)
[2017.11.27-15.58.53:926][824]LogModuleManager: Shutting down and abandoning module MessagingRpc (358)
[2017.11.27-15.58.53:926][824]LogModuleManager: Shutting down and abandoning module AIModule (356)
[2017.11.27-15.58.53:926][824]LogModuleManager: Shutting down and abandoning module GameplayDebugger (355)
[2017.11.27-15.58.53:926][824]LogModuleManager: Shutting down and abandoning module AITestSuite (353)
[2017.11.27-15.58.53:926][824]LogModuleManager: Shutting down and abandoning module DesktopPlatform (350)
[2017.11.27-15.58.53:926][824]LogModuleManager: Shutting down and abandoning module ProfilerService (348)
[2017.11.27-15.58.54:109][824]LogModuleManager: Shutting down and abandoning module TaskGraph (346)
[2017.11.27-15.58.54:109][824]LogModuleManager: Shutting down and abandoning module SteamVRController (344)
[2017.11.27-15.58.54:109][824]LogModuleManager: Shutting down and abandoning module ProceduralMeshComponentEditor (342)
[2017.11.27-15.58.54:110][824]LogModuleManager: Shutting down and abandoning module ProceduralMeshComponent (340)
[2017.11.27-15.58.54:110][824]LogModuleManager: Shutting down and abandoning module OculusInput (338)
[2017.11.27-15.58.54:110][824]LogModuleManager: Shutting down and abandoning module MobilePatchingUtils (336)
[2017.11.27-15.58.54:110][824]LogModuleManager: Shutting down and abandoning module CustomMeshComponent (334)
[2017.11.27-15.58.54:110][824]LogModuleManager: Shutting down and abandoning module CableComponent (332)
[2017.11.27-15.58.54:110][824]LogModuleManager: Shutting down and abandoning module ArchVisCharacter (330)
[2017.11.27-15.58.54:110][824]LogModuleManager: Shutting down and abandoning module AndroidPermission (328)
[2017.11.27-15.58.54:110][824]LogModuleManager: Shutting down and abandoning module ActorSequence (324)
[2017.11.27-15.58.54:110][824]LogModuleManager: Shutting down and abandoning module MediaPlayerEditor (322)
[2017.11.27-15.58.54:110][824]LogModuleManager: Shutting down and abandoning module MediaCompositingEditor (320)
[2017.11.27-15.58.54:110][824]LogModuleManager: Shutting down and abandoning module MediaCompositing (318)
[2017.11.27-15.58.54:110][824]LogModuleManager: Shutting down and abandoning module HTML5Networking (316)
[2017.11.27-15.58.54:110][824]LogModuleManager: Shutting down and abandoning module AlembicImporter (314)
[2017.11.27-15.58.54:110][824]LogModuleManager: Shutting down and abandoning module AlembicLibrary (313)
[2017.11.27-15.58.54:110][824]LogModuleManager: Shutting down and abandoning module GeometryCache (312)
[2017.11.27-15.58.54:110][824]LogModuleManager: Shutting down and abandoning module GeometryCacheEd (311)
[2017.11.27-15.58.54:110][824]LogModuleManager: Shutting down and abandoning module SpeedTreeImporter (306)
[2017.11.27-15.58.54:110][824]LogModuleManager: Shutting down and abandoning module PluginBrowser (304)
[2017.11.27-15.58.54:110][824]LogModuleManager: Shutting down and abandoning module MobileLauncherProfileWizard (302)
[2017.11.27-15.58.54:110][824]LogModuleManager: Shutting down and abandoning module VisualStudioSourceCodeAccess (300)
[2017.11.27-15.58.54:110][824]LogModuleManager: Shutting down and abandoning module VisualStudioCodeSourceCodeAccess (298)
[2017.11.27-15.58.54:110][824]LogModuleManager: Shutting down and abandoning module UObjectPlugin (296)
[2017.11.27-15.58.54:110][824]LogModuleManager: Shutting down and abandoning module SubversionSourceControl (294)
[2017.11.27-15.58.54:110][824]LogModuleManager: Shutting down and abandoning module PerforceSourceControl (292)
[2017.11.27-15.58.54:110][824]LogModuleManager: Shutting down and abandoning module GitSourceControl (290)
[2017.11.27-15.58.54:110][824]LogModuleManager: Shutting down and abandoning module SourceControl (289)
[2017.11.27-15.58.54:110][824]LogModuleManager: Shutting down and abandoning module LightPropagationVolumeEditor (286)
[2017.11.27-15.58.54:110][824]LogModuleManager: Shutting down and abandoning module PaperTiledImporter (284)
[2017.11.27-15.58.54:111][824]LogModuleManager: Shutting down and abandoning module PaperSpriteSheetImporter (282)
[2017.11.27-15.58.54:111][824]LogModuleManager: Shutting down and abandoning module Paper2DEditor (280)
[2017.11.27-15.58.54:111][824]LogModuleManager: Shutting down and abandoning module MeshPaint (279)
[2017.11.27-15.58.54:111][824]LogModuleManager: Shutting down and abandoning module LevelEditor (277)
[2017.11.27-15.58.54:112][824]LogModuleManager: Shutting down and abandoning module PixelInspectorModule (276)
[2017.11.27-15.58.54:112][824]LogModuleManager: Shutting down and abandoning module MainFrame (274)
[2017.11.27-15.58.54:112][824]LogModuleManager: Shutting down and abandoning module HotReload (273)
[2017.11.27-15.58.54:113][824]LogModuleManager: Shutting down and abandoning module RuntimePhysXCooking (268)
[2017.11.27-15.58.54:113][824]LogModuleManager: Shutting down and abandoning module PhysXVehiclesEditor (266)
[2017.11.27-15.58.54:113][824]LogModuleManager: Shutting down and abandoning module PhysXVehicles (264)
[2017.11.27-15.58.54:113][824]LogModuleManager: Shutting down and abandoning module OculusEditor (262)
[2017.11.27-15.58.54:113][824]LogModuleManager: Shutting down and abandoning module LocationServicesBPLibrary (260)
[2017.11.27-15.58.54:113][824]LogModuleManager: Shutting down and abandoning module ImmediatePhysicsEditor (258)
[2017.11.27-15.58.54:113][824]LogModuleManager: Shutting down and abandoning module ImmediatePhysics (256)
[2017.11.27-15.58.54:113][824]LogModuleManager: Shutting down and abandoning module UdpMessaging (254)
[2017.11.27-15.58.54:214][824]LogModuleManager: Shutting down and abandoning module TcpMessaging (252)
[2017.11.27-15.58.54:315][824]LogModuleManager: Shutting down and abandoning module GameplayTagsEditor (250)
[2017.11.27-15.58.54:315][824]LogModuleManager: Shutting down and abandoning module FacialAnimationEditor (248)
[2017.11.27-15.58.54:315][824]LogModuleManager: Shutting down and abandoning module FacialAnimation (246)
[2017.11.27-15.58.54:315][824]LogModuleManager: Shutting down and abandoning module AssetManagerEditor (244)
[2017.11.27-15.58.54:315][824]LogModuleManager: Shutting down and abandoning module GraphEditor (243)
[2017.11.27-15.58.54:315][824]LogModuleManager: Shutting down and abandoning module ContentBrowser (241)
[2017.11.27-15.58.54:317][824]LogModuleManager: Shutting down and abandoning module LightPropagationVolumeRuntime (238)
[2017.11.27-15.58.54:317][824]LogModuleManager: Shutting down and abandoning module Paper2D (236)
[2017.11.27-15.58.54:317][824]LogModuleManager: Shutting down and abandoning module WindowsMoviePlayer (234)
[2017.11.27-15.58.54:317][824]LogModuleManager: Shutting down and abandoning module WmfMedia (232)
[2017.11.27-15.58.54:317][824]LogModuleManager: Shutting down and abandoning module ImgMedia (230)
[2017.11.27-15.58.54:317][824]LogModuleManager: Shutting down and abandoning module PacketHandler (228)
[2017.11.27-15.58.54:317][824]LogModuleManager: Shutting down and abandoning module ClothingSystemEditor (226)
[2017.11.27-15.58.54:317][824]LogModuleManager: Shutting down and abandoning module ClothingSystemRuntime (224)
[2017.11.27-15.58.54:317][824]LogModuleManager: Shutting down and abandoning module MediaAssets (222)
[2017.11.27-15.58.54:317][824]LogModuleManager: Shutting down and abandoning module Media (221)
[2017.11.27-15.58.54:324][824]LogModuleManager: Shutting down and abandoning module Overlay (218)
[2017.11.27-15.58.54:324][824]LogModuleManager: Shutting down and abandoning module OverlayEditor (217)
[2017.11.27-15.58.54:324][824]LogModuleManager: Shutting down and abandoning module VREditor (214)
[2017.11.27-15.58.54:324][824]LogModuleManager: Shutting down and abandoning module StringTableEditor (212)
[2017.11.27-15.58.54:324][824]LogModuleManager: Shutting down and abandoning module GameplayTasksEditor (210)
[2017.11.27-15.58.54:324][824]LogModuleManager: Shutting down and abandoning module BehaviorTreeEditor (208)
[2017.11.27-15.58.54:324][824]LogModuleManager: Shutting down and abandoning module FunctionalTesting (206)
[2017.11.27-15.58.54:324][824]LogModuleManager: Shutting down and abandoning module CollisionAnalyzer (204)
[2017.11.27-15.58.54:330][824]LogModuleManager: Shutting down and abandoning module WorkspaceMenuStructure (203)
[2017.11.27-15.58.54:330][824]LogModuleManager: Shutting down and abandoning module UMG (200)
[2017.11.27-15.58.54:334][824]LogModuleManager: Shutting down and abandoning module UMGEditor (199)
[2017.11.27-15.58.54:334][824]LogModuleManager: Shutting down and abandoning module Sequencer (198)
[2017.11.27-15.58.54:335][824]LogModuleManager: Shutting down and abandoning module MessageLog (195)
[2017.11.27-15.58.54:335][824]LogModuleManager: Shutting down and abandoning module SlateReflector (190)
[2017.11.27-15.58.54:411][824]LogModuleManager: Shutting down and abandoning module Slate (188)
[2017.11.27-15.58.54:411][824]LogModuleManager: Shutting down and abandoning module EditorStyle (186)
[2017.11.27-15.58.54:414][824]LogModuleManager: Shutting down and abandoning module MRMesh (184)
[2017.11.27-15.58.54:414][824]LogModuleManager: Shutting down and abandoning module SourceCodeAccess (182)
[2017.11.27-15.58.54:414][824]LogModuleManager: Shutting down and abandoning module HeadMountedDisplay (180)
[2017.11.27-15.58.54:414][824]LogModuleManager: Shutting down and abandoning module XAudio2 (178)
[2017.11.27-15.58.54:414][824]LogModuleManager: Shutting down and abandoning module Networking (176)
[2017.11.27-15.58.54:414][824]LogModuleManager: Shutting down and abandoning module Core (172)
[2017.11.27-15.58.54:414][824]LogModuleManager: Shutting down and abandoning module LevelSequence (168)
[2017.11.27-15.58.54:425][824]LogModuleManager: Shutting down and abandoning module DirectoryWatcher (166)
[2017.11.27-15.58.54:432][824]LogModuleManager: Shutting down and abandoning module KismetCompiler (164)
[2017.11.27-15.58.54:432][824]LogModuleManager: Shutting down and abandoning module MeshUtilities (162)
[2017.11.27-15.58.54:454][824]LogModuleManager: Shutting down and abandoning module MeshMergeUtilities (161)
[2017.11.27-15.58.54:472][824]LogModuleManager: Shutting down and abandoning module MeshReductionInterface (160)
[2017.11.27-15.58.54:472][824]LogModuleManager: Shutting down and abandoning module SimplygonSwarm (159)
[2017.11.27-15.58.54:476][824]LogModuleManager: Shutting down and abandoning module SimplygonMeshReduction (157)
[2017.11.27-15.58.54:476][824]LogModuleManager: Shutting down and abandoning module QuadricMeshReduction (155)
[2017.11.27-15.58.54:476][824]LogModuleManager: Shutting down and abandoning module MaterialBaking (151)
[2017.11.27-15.58.54:483][824]LogModuleManager: Shutting down and abandoning module DerivedDataCache (148)
[2017.11.27-15.58.54:584][824]LogDerivedDataCache: Shutdown
[2017.11.27-15.58.54:584][824]LogModuleManager: Shutting down and abandoning module TargetPlatform (146)
[2017.11.27-15.58.54:584][824]LogModuleManager: Shutting down and abandoning module VulkanShaderFormat (145)
[2017.11.27-15.58.54:584][824]LogModuleManager: Shutting down and abandoning module ShaderFormatVectorVM (143)
[2017.11.27-15.58.54:584][824]LogModuleManager: Shutting down and abandoning module ShaderFormatOpenGL (141)
[2017.11.27-15.58.54:585][824]LogModuleManager: Shutting down and abandoning module ShaderFormatD3D (139)
[2017.11.27-15.58.54:585][824]LogModuleManager: Shutting down and abandoning module MetalShaderFormat (137)
[2017.11.27-15.58.54:585][824]LogModuleManager: Shutting down and abandoning module TextureFormatUncompressed (135)
[2017.11.27-15.58.54:585][824]LogModuleManager: Shutting down and abandoning module TextureFormatPVR (133)
[2017.11.27-15.58.54:585][824]LogModuleManager: Shutting down and abandoning module TextureFormatDXT (131)
[2017.11.27-15.58.54:585][824]LogModuleManager: Shutting down and abandoning module TextureFormatIntelISPCTexComp (129)
[2017.11.27-15.58.54:585][824]LogModuleManager: Shutting down and abandoning module TextureFormatASTC (127)
[2017.11.27-15.58.54:585][824]LogModuleManager: Shutting down and abandoning module ImageWrapper (126)
[2017.11.27-15.58.54:585][824]LogModuleManager: Shutting down and abandoning module TextureFormatAndroid (123)
[2017.11.27-15.58.54:585][824]LogModuleManager: Shutting down and abandoning module AudioFormatOpus (121)
[2017.11.27-15.58.54:585][824]LogModuleManager: Shutting down and abandoning module AudioFormatOgg (119)
[2017.11.27-15.58.54:585][824]LogModuleManager: Shutting down and abandoning module AudioFormatADPCM (117)
[2017.11.27-15.58.54:585][824]LogModuleManager: Shutting down and abandoning module LinuxTargetPlatform (115)
[2017.11.27-15.58.54:585][824]LogModuleManager: Shutting down and abandoning module LinuxServerTargetPlatform (113)
[2017.11.27-15.58.54:585][824]LogModuleManager: Shutting down and abandoning module LinuxNoEditorTargetPlatform (111)
[2017.11.27-15.58.54:585][824]LogModuleManager: Shutting down and abandoning module LinuxClientTargetPlatform (109)
[2017.11.27-15.58.54:586][824]LogModuleManager: Shutting down and abandoning module TVOSTargetPlatform (107)
[2017.11.27-15.58.54:586][824]LogModuleManager: Shutting down and abandoning module Messaging (105)
[2017.11.27-15.58.54:586][824]LogModuleManager: Shutting down and abandoning module IOSTargetPlatform (103)
[2017.11.27-15.58.54:586][824]LogModuleManager: Shutting down and abandoning module HTML5TargetPlatform (101)
[2017.11.27-15.58.54:586][824]LogModuleManager: Shutting down and abandoning module AndroidTargetPlatform (99)
[2017.11.27-15.58.54:586][824]LogModuleManager: Shutting down and abandoning module Android_PVRTCTargetPlatform (97)
[2017.11.27-15.58.54:586][824]LogModuleManager: Shutting down and abandoning module Android_MultiTargetPlatform (95)
[2017.11.27-15.58.54:586][824]LogModuleManager: Shutting down and abandoning module Android_ETC2TargetPlatform (93)
[2017.11.27-15.58.54:586][824]LogModuleManager: Shutting down and abandoning module Android_ETC1TargetPlatform (91)
[2017.11.27-15.58.54:586][824]LogModuleManager: Shutting down and abandoning module Android_DXTTargetPlatform (89)
[2017.11.27-15.58.54:586][824]LogModuleManager: Shutting down and abandoning module Android_ATCTargetPlatform (87)
[2017.11.27-15.58.54:586][824]LogModuleManager: Shutting down and abandoning module Android_ASTCTargetPlatform (85)
[2017.11.27-15.58.54:586][824]LogModuleManager: Shutting down and abandoning module WindowsTargetPlatform (83)
[2017.11.27-15.58.54:586][824]LogModuleManager: Shutting down and abandoning module WindowsServerTargetPlatform (81)
[2017.11.27-15.58.54:586][824]LogModuleManager: Shutting down and abandoning module WindowsNoEditorTargetPlatform (79)
[2017.11.27-15.58.54:586][824]LogModuleManager: Shutting down and abandoning module WindowsClientTargetPlatform (77)
[2017.11.27-15.58.54:586][824]LogModuleManager: Shutting down and abandoning module MacTargetPlatform (75)
[2017.11.27-15.58.54:586][824]LogModuleManager: Shutting down and abandoning module MacServerTargetPlatform (73)
[2017.11.27-15.58.54:586][824]LogModuleManager: Shutting down and abandoning module MacNoEditorTargetPlatform (71)
[2017.11.27-15.58.54:586][824]LogModuleManager: Shutting down and abandoning module MacClientTargetPlatform (69)
[2017.11.27-15.58.54:586][824]LogModuleManager: Shutting down and abandoning module AllDesktopTargetPlatform (67)
[2017.11.27-15.58.54:586][824]LogModuleManager: Shutting down and abandoning module InputCore (64)
[2017.11.27-15.58.54:586][824]LogModuleManager: Shutting down and abandoning module Settings (62)
[2017.11.27-15.58.54:586][824]LogModuleManager: Shutting down and abandoning module PhysXCooking (60)
[2017.11.27-15.58.54:586][824]LogModuleManager: Shutting down and abandoning module SteamVR (58)
[2017.11.27-15.58.54:586][824]LogModuleManager: Shutting down and abandoning module OculusHMD (56)
[2017.11.27-15.58.54:586][824]LogModuleManager: Shutting down and abandoning module ExampleDeviceProfileSelector (54)
[2017.11.27-15.58.54:586][824]LogModuleManager: Shutting down and abandoning module AppleARKit (52)
[2017.11.27-15.58.54:586][824]LogModuleManager: Shutting down and abandoning module AugmentedReality (51)
[2017.11.27-15.58.54:586][824]LogModuleManager: Shutting down and abandoning module OnlineBlueprintSupport (48)
[2017.11.27-15.58.54:586][824]LogModuleManager: Shutting down and abandoning module OnlineSubsystem (44)
[2017.11.27-15.58.54:599][824]LogModuleManager: Shutting down and abandoning module XMPP (43)
[2017.11.27-15.58.54:635][824]LogModuleManager: Shutting down and abandoning module HTTP (41)
[2017.11.27-15.58.54:635][824]LogHttp: Display: Http module shutting down, but needs to wait on 1 outstanding Http requests:
[2017.11.27-15.58.54:659][824]LogHttp: Display: 	verb=[POST] url=[https://datarouter.ol.epicgames.com/datarouter/api/v1/public/data?SessionID=%7BDC22FE0D-4564-AFF1-A429-89B98BD8F955%7D&AppID=UEEditor.Rocket.Release&AppVersion=4.18.1-3754814%2B%2B%2BUE4%2BRelease-4.18&UserID=83aa7a3a4843c8b1d9e8cc86b862c605%7Cdafb8ee3b317438c99093b3be661f9cc%7Ca40c84d5-f49b-4f42-9aee-16bd59b9cd25&AppEnvironment=datacollector-binary&UploadType=eteventstream] status=Processing
[2017.11.27-15.58.54:676][824]LogModuleManager: Shutting down and abandoning module SSL (40)
[2017.11.27-15.58.54:692][824]LogModuleManager: Shutting down and abandoning module AnimationModifiers (36)
[2017.11.27-15.58.54:715][824]LogModuleManager: Shutting down and abandoning module PropertyEditor (35)
[2017.11.27-15.58.54:715][824]LogModuleManager: Shutting down and abandoning module AudioEditor (32)
[2017.11.27-15.58.54:747][824]LogModuleManager: Shutting down and abandoning module TextureCompressor (30)
[2017.11.27-15.58.54:749][824]LogModuleManager: Shutting down and abandoning module ShaderCore (28)
[2017.11.27-15.58.54:749][824]LogModuleManager: Shutting down and abandoning module Landscape (26)
[2017.11.27-15.58.54:749][824]LogModuleManager: Shutting down and abandoning module SlateRHIRenderer (24)
[2017.11.27-15.58.54:779][824]LogModuleManager: Shutting down and abandoning module OpenGLDrv (22)
[2017.11.27-15.58.54:789][824]LogModuleManager: Shutting down and abandoning module D3D11RHI (20)
[2017.11.27-15.58.54:789][824]LogModuleManager: Shutting down and abandoning module AnimGraphRuntime (18)
[2017.11.27-15.58.54:808][824]LogModuleManager: Shutting down and abandoning module Renderer (16)
[2017.11.27-15.58.54:808][824]LogModuleManager: Shutting down and abandoning module Engine (14)
[2017.11.27-15.58.54:819][824]LogModuleManager: Shutting down and abandoning module CoreUObject (12)
[2017.11.27-15.58.54:819][824]LogModuleManager: Shutting down and abandoning module NetworkFile (10)
[2017.11.27-15.58.54:819][824]LogModuleManager: Shutting down and abandoning module CookedIterativeFile (8)
[2017.11.27-15.58.54:819][824]LogModuleManager: Shutting down and abandoning module StreamingFile (6)
[2017.11.27-15.58.54:819][824]LogModuleManager: Shutting down and abandoning module SandboxFile (4)
[2017.11.27-15.58.54:819][824]LogModuleManager: Shutting down and abandoning module PakFile (2)
[2017.11.27-15.58.54:863][824]LogExit: Exiting.
[2017.11.27-15.58.54:879][824]Log file closed, 11/27/17 23:58:54
