Log file open, 12/02/17 15:17:59
LogWindows: Failed to load 'aqProf.dll' (GetLastError=126)
LogWindows: File 'aqProf.dll' does not exist
LogWindows: Failed to load 'VSPerf140.dll' (GetLastError=126)
LogWindows: File 'VSPerf140.dll' does not exist
LogWindows: Failed to load 'VtuneApi.dll' (GetLastError=126)
LogWindows: File 'VtuneApi.dll' does not exist
LogWindows: Failed to load 'VtuneApi32e.dll' (GetLastError=126)
LogWindows: File 'VtuneApi32e.dll' does not exist
LogInit: Display: Running engine for game: biyexiangmu
LogPlatformFile: Not using cached read wrapper
LogInit: Display: RandInit(1042785142) SRandInit(1042785142).
LogInit: Read version file with build ID '3709383'
LogInit: Overriding engine version to CL 3754814, compatible CL 3709383
LogInit: Registered custom module enumerator with build ID '3709383'
LogTaskGraph: Started task graph with 5 named threads and 14 total threads with 3 sets of task threads.
LogStats: Stats thread started at 0.165926
LogD3D11RHI: Aftermath initialized
LogModuleManager: Display: Found up-to-date module file ../../../Engine/Plugins/Marketplace/Substance/Binaries/Win64/UE4Editor-SubstanceCore.dll (API version 3709383).
LogModuleManager: Display: Found up-to-date module file ../../../Engine/Plugins/Marketplace/Substance/Binaries/Win64/UE4Editor-SubstanceEditor.dll (API version 3709383).
LogModuleManager: Display: Found up-to-date module file ../../../Engine/Plugins/Marketplace/Substance/Binaries/Win64/UE4Editor-SubstanceSource.dll (API version 3709383).
LogModuleManager: Display: Found up-to-date module file ../../../Engine/Plugins/Marketplace/Substance/Binaries/Win64/UE4Editor-SubstanceLiveLink.dll (API version 3709383).
LogModuleManager: Display: Found up-to-date module file ../../../Engine/Plugins/2D/Paper2D/Binaries/Win64/UE4Editor-Paper2D.dll (API version 3709383).
LogModuleManager: Display: Found up-to-date module file ../../../Engine/Plugins/2D/Paper2D/Binaries/Win64/UE4Editor-Paper2DEditor.dll (API version 3709383).
LogModuleManager: Display: Found up-to-date module file ../../../Engine/Plugins/2D/Paper2D/Binaries/Win64/UE4Editor-PaperSpriteSheetImporter.dll (API version 3709383).
LogModuleManager: Display: Found up-to-date module file ../../../Engine/Plugins/2D/Paper2D/Binaries/Win64/UE4Editor-PaperTiledImporter.dll (API version 3709383).
LogModuleManager: Display: Found up-to-date module file ../../../Engine/Plugins/2D/Paper2D/Binaries/Win64/UE4Editor-SmartSnapping.dll (API version 3709383).
LogModuleManager: Display: Found up-to-date module file ../../../Engine/Plugins/Blendables/LightPropagationVolume/Binaries/Win64/UE4Editor-LightPropagationVolumeRuntime.dll (API version 3709383).
LogModuleManager: Display: Found up-to-date module file ../../../Engine/Plugins/Blendables/LightPropagationVolume/Binaries/Win64/UE4Editor-LightPropagationVolumeEditor.dll (API version 3709383).
LogModuleManager: Display: Found up-to-date module file ../../../Engine/Plugins/Developer/GitSourceControl/Binaries/Win64/UE4Editor-GitSourceControl.dll (API version 3709383).
LogModuleManager: Display: Found up-to-date module file ../../../Engine/Plugins/Developer/PerforceSourceControl/Binaries/Win64/UE4Editor-PerforceSourceControl.dll (API version 3709383).
LogModuleManager: Display: Found up-to-date module file ../../../Engine/Plugins/Developer/SubversionSourceControl/Binaries/Win64/UE4Editor-SubversionSourceControl.dll (API version 3709383).
LogModuleManager: Display: Found up-to-date module file ../../../Engine/Plugins/Developer/UObjectPlugin/Binaries/Win64/UE4Editor-UObjectPlugin.dll (API version 3709383).
LogModuleManager: Display: Found up-to-date module file ../../../Engine/Plugins/Developer/VisualStudioCodeSourceCodeAccess/Binaries/Win64/UE4Editor-VisualStudioCodeSourceCodeAccess.dll (API version 3709383).
LogModuleManager: Display: Found up-to-date module file ../../../Engine/Plugins/Developer/VisualStudioSourceCodeAccess/Binaries/Win64/UE4Editor-VisualStudioSourceCodeAccess.dll (API version 3709383).
LogModuleManager: Display: Found up-to-date module file ../../../Engine/Plugins/Editor/AssetManagerEditor/Binaries/Win64/UE4Editor-AssetManagerEditor.dll (API version 3709383).
LogModuleManager: Display: Found up-to-date module file ../../../Engine/Plugins/Editor/AudioCapture/Binaries/Win64/UE4Editor-AudioCapture.dll (API version 3709383).
LogModuleManager: Display: Found up-to-date module file ../../../Engine/Plugins/Editor/FacialAnimation/Binaries/Win64/UE4Editor-FacialAnimation.dll (API version 3709383).
LogModuleManager: Display: Found up-to-date module file ../../../Engine/Plugins/Editor/FacialAnimation/Binaries/Win64/UE4Editor-FacialAnimationEditor.dll (API version 3709383).
LogModuleManager: Display: Found up-to-date module file ../../../Engine/Plugins/Editor/GameplayTagsEditor/Binaries/Win64/UE4Editor-GameplayTagsEditor.dll (API version 3709383).
LogModuleManager: Display: Found up-to-date module file ../../../Engine/Plugins/Editor/MobileLauncherProfileWizard/Binaries/Win64/UE4Editor-MobileLauncherProfileWizard.dll (API version 3709383).
LogModuleManager: Display: Found up-to-date module file ../../../Engine/Plugins/Editor/PluginBrowser/Binaries/Win64/UE4Editor-PluginBrowser.dll (API version 3709383).
LogModuleManager: Display: Found up-to-date module file ../../../Engine/Plugins/Editor/SpeedTreeImporter/Binaries/Win64/UE4Editor-SpeedTreeImporter.dll (API version 3709383).
LogModuleManager: Display: Found up-to-date module file ../../../Engine/Plugins/Experimental/AlembicImporter/Binaries/Win64/UE4Editor-AlembicImporter.dll (API version 3709383).
LogModuleManager: Display: Found up-to-date module file ../../../Engine/Plugins/Experimental/AlembicImporter/Binaries/Win64/UE4Editor-AlembicLibrary.dll (API version 3709383).
LogModuleManager: Display: Found up-to-date module file ../../../Engine/Plugins/Experimental/CharacterAI/Binaries/Win64/UE4Editor-CharacterAI.dll (API version 3709383).
LogModuleManager: Display: Found up-to-date module file ../../../Engine/Plugins/Experimental/HTML5Networking/Binaries/Win64/UE4Editor-HTML5Networking.dll (API version 3709383).
LogModuleManager: Display: Found up-to-date module file ../../../Engine/Plugins/Media/AndroidMedia/Binaries/Win64/UE4Editor-AndroidMediaEditor.dll (API version 3709383).
LogModuleManager: Display: Found up-to-date module file ../../../Engine/Plugins/Media/AndroidMedia/Binaries/Win64/UE4Editor-AndroidMediaFactory.dll (API version 3709383).
LogModuleManager: Display: Found up-to-date module file ../../../Engine/Plugins/Media/AvfMedia/Binaries/Win64/UE4Editor-AvfMediaEditor.dll (API version 3709383).
LogModuleManager: Display: Found up-to-date module file ../../../Engine/Plugins/Media/AvfMedia/Binaries/Win64/UE4Editor-AvfMediaFactory.dll (API version 3709383).
LogModuleManager: Display: Found up-to-date module file ../../../Engine/Plugins/Media/AvfMedia/Binaries/Win64/UE4Editor-AvfMediaFactory.dll (API version 3709383).
LogModuleManager: Display: Found up-to-date module file ../../../Engine/Plugins/Media/ImgMedia/Binaries/Win64/UE4Editor-ImgMedia.dll (API version 3709383).
LogModuleManager: Display: Found up-to-date module file ../../../Engine/Plugins/Media/ImgMedia/Binaries/Win64/UE4Editor-ImgMediaEditor.dll (API version 3709383).
LogModuleManager: Display: Found up-to-date module file ../../../Engine/Plugins/Media/ImgMedia/Binaries/Win64/UE4Editor-ImgMediaFactory.dll (API version 3709383).
LogModuleManager: Display: Found up-to-date module file ../../../Engine/Plugins/Media/ImgMedia/Binaries/Win64/UE4Editor-ImgMediaFactory.dll (API version 3709383).
LogModuleManager: Display: Found up-to-date module file ../../../Engine/Plugins/Media/ImgMedia/Binaries/Win64/UE4Editor-OpenExrWrapper.dll (API version 3709383).
LogModuleManager: Display: Found up-to-date module file ../../../Engine/Plugins/Media/MediaCompositing/Binaries/Win64/UE4Editor-MediaCompositing.dll (API version 3709383).
LogModuleManager: Display: Found up-to-date module file ../../../Engine/Plugins/Media/MediaCompositing/Binaries/Win64/UE4Editor-MediaCompositingEditor.dll (API version 3709383).
LogModuleManager: Display: Found up-to-date module file ../../../Engine/Plugins/Media/MediaPlayerEditor/Binaries/Win64/UE4Editor-MediaPlayerEditor.dll (API version 3709383).
LogModuleManager: Display: Found up-to-date module file ../../../Engine/Plugins/Media/WmfMedia/Binaries/Win64/UE4Editor-WmfMedia.dll (API version 3709383).
LogModuleManager: Display: Found up-to-date module file ../../../Engine/Plugins/Media/WmfMedia/Binaries/Win64/UE4Editor-WmfMediaEditor.dll (API version 3709383).
LogModuleManager: Display: Found up-to-date module file ../../../Engine/Plugins/Media/WmfMedia/Binaries/Win64/UE4Editor-WmfMediaFactory.dll (API version 3709383).
LogModuleManager: Display: Found up-to-date module file ../../../Engine/Plugins/Media/WmfMedia/Binaries/Win64/UE4Editor-WmfMediaFactory.dll (API version 3709383).
LogModuleManager: Display: Found up-to-date module file ../../../Engine/Plugins/Messaging/TcpMessaging/Binaries/Win64/UE4Editor-TcpMessaging.dll (API version 3709383).
LogModuleManager: Display: Found up-to-date module file ../../../Engine/Plugins/Messaging/UdpMessaging/Binaries/Win64/UE4Editor-UdpMessaging.dll (API version 3709383).
LogModuleManager: Display: Found up-to-date module file ../../../Engine/Plugins/MovieScene/ActorSequence/Binaries/Win64/UE4Editor-ActorSequence.dll (API version 3709383).
LogModuleManager: Display: Found up-to-date module file ../../../Engine/Plugins/MovieScene/LevelSequenceEditor/Binaries/Win64/UE4Editor-LevelSequenceEditor.dll (API version 3709383).
LogModuleManager: Display: Found up-to-date module file ../../../Engine/Plugins/MovieScene/MatineeToLevelSequence/Binaries/Win64/UE4Editor-MatineeToLevelSequence.dll (API version 3709383).
LogModuleManager: Display: Found up-to-date module file ../../../Engine/Plugins/Online/OnlineSubsystem/Binaries/Win64/UE4Editor-OnlineSubsystem.dll (API version 3709383).
LogModuleManager: Display: Found up-to-date module file ../../../Engine/Plugins/Runtime/AndroidPermission/Binaries/Win64/UE4Editor-AndroidPermission.dll (API version 3709383).
LogModuleManager: Display: Found up-to-date module file ../../../Engine/Plugins/Online/OnlineSubsystemNull/Binaries/Win64/UE4Editor-OnlineSubsystemNull.dll (API version 3709383).
LogModuleManager: Display: Found up-to-date module file ../../../Engine/Plugins/Online/OnlineSubsystemUtils/Binaries/Win64/UE4Editor-OnlineSubsystemUtils.dll (API version 3709383).
LogModuleManager: Display: Found up-to-date module file ../../../Engine/Plugins/Online/OnlineSubsystemUtils/Binaries/Win64/UE4Editor-OnlineBlueprintSupport.dll (API version 3709383).
LogModuleManager: Display: Found up-to-date module file ../../../Engine/Plugins/Runtime/AndroidDeviceProfileSelector/Binaries/Win64/UE4Editor-AndroidDeviceProfileSelector.dll (API version 3709383).
LogModuleManager: Display: Found up-to-date module file ../../../Engine/Plugins/Runtime/AppleARKit/Binaries/Win64/UE4Editor-AppleARKit.dll (API version 3709383).
LogModuleManager: Display: Found up-to-date module file ../../../Engine/Plugins/Runtime/ArchVisCharacter/Binaries/Win64/UE4Editor-ArchVisCharacter.dll (API version 3709383).
LogModuleManager: Display: Found up-to-date module file ../../../Engine/Plugins/Runtime/CableComponent/Binaries/Win64/UE4Editor-CableComponent.dll (API version 3709383).
LogModuleManager: Display: Found up-to-date module file ../../../Engine/Plugins/Runtime/CustomMeshComponent/Binaries/Win64/UE4Editor-CustomMeshComponent.dll (API version 3709383).
LogModuleManager: Display: Found up-to-date module file ../../../Engine/Plugins/Runtime/ExampleDeviceProfileSelector/Binaries/Win64/UE4Editor-ExampleDeviceProfileSelector.dll (API version 3709383).
LogModuleManager: Display: Found up-to-date module file ../../../Engine/Plugins/Runtime/ImmediatePhysics/Binaries/Win64/UE4Editor-ImmediatePhysics.dll (API version 3709383).
LogModuleManager: Display: Found up-to-date module file ../../../Engine/Plugins/Runtime/ImmediatePhysics/Binaries/Win64/UE4Editor-ImmediatePhysicsEditor.dll (API version 3709383).
LogModuleManager: Display: Found up-to-date module file ../../../Engine/Plugins/Runtime/LocationServicesBPLibrary/Binaries/Win64/UE4Editor-LocationServicesBPLibrary.dll (API version 3709383).
LogModuleManager: Display: Found up-to-date module file ../../../Engine/Plugins/Runtime/MobilePatchingUtils/Binaries/Win64/UE4Editor-MobilePatchingUtils.dll (API version 3709383).
LogModuleManager: Display: Found up-to-date module file ../../../Engine/Plugins/Runtime/Oculus/OculusVR/Binaries/Win64/UE4Editor-OculusHMD.dll (API version 3709383).
LogModuleManager: Display: Found up-to-date module file ../../../Engine/Plugins/Runtime/Oculus/OculusVR/Binaries/Win64/UE4Editor-OculusInput.dll (API version 3709383).
LogModuleManager: Display: Found up-to-date module file ../../../Engine/Plugins/Runtime/Oculus/OculusVR/Binaries/Win64/UE4Editor-OculusEditor.dll (API version 3709383).
LogModuleManager: Display: Found up-to-date module file ../../../Engine/Plugins/Runtime/PhysXVehicles/Binaries/Win64/UE4Editor-PhysXVehicles.dll (API version 3709383).
LogModuleManager: Display: Found up-to-date module file ../../../Engine/Plugins/Runtime/PhysXVehicles/Binaries/Win64/UE4Editor-PhysXVehiclesEditor.dll (API version 3709383).
LogModuleManager: Display: Found up-to-date module file ../../../Engine/Plugins/Runtime/ProceduralMeshComponent/Binaries/Win64/UE4Editor-ProceduralMeshComponent.dll (API version 3709383).
LogModuleManager: Display: Found up-to-date module file ../../../Engine/Plugins/Runtime/ProceduralMeshComponent/Binaries/Win64/UE4Editor-ProceduralMeshComponentEditor.dll (API version 3709383).
LogModuleManager: Display: Found up-to-date module file ../../../Engine/Plugins/Runtime/RuntimePhysXCooking/Binaries/Win64/UE4Editor-RuntimePhysXCooking.dll (API version 3709383).
LogModuleManager: Display: Found up-to-date module file ../../../Engine/Plugins/Runtime/Steam/SteamVR/Binaries/Win64/UE4Editor-SteamVR.dll (API version 3709383).
LogModuleManager: Display: Found up-to-date module file ../../../Engine/Plugins/Runtime/Steam/SteamVR/Binaries/Win64/UE4Editor-SteamVRController.dll (API version 3709383).
LogModuleManager: Display: Found up-to-date module file ../../../Engine/Plugins/Runtime/WindowsMoviePlayer/Binaries/Win64/UE4Editor-WindowsMoviePlayer.dll (API version 3709383).
LogPluginManager: Mounting plugin Paper2D
LogPluginManager: Mounting plugin LightPropagationVolume
LogPluginManager: Mounting plugin CodeLiteSourceCodeAccess
LogPluginManager: Mounting plugin GitSourceControl
LogPluginManager: Mounting plugin KDevelopSourceCodeAccess
LogPluginManager: Mounting plugin NullSourceCodeAccess
LogPluginManager: Mounting plugin PerforceSourceControl
LogPluginManager: Mounting plugin SubversionSourceControl
LogPluginManager: Mounting plugin UObjectPlugin
LogPluginManager: Mounting plugin VisualStudioCodeSourceCodeAccess
LogPluginManager: Mounting plugin VisualStudioSourceCodeAccess
LogPluginManager: Mounting plugin XCodeSourceCodeAccess
LogPluginManager: Mounting plugin AssetManagerEditor
LogPluginManager: Mounting plugin AudioCapture
LogPluginManager: Mounting plugin FacialAnimation
LogPluginManager: Mounting plugin GameplayTagsEditor
LogPluginManager: Mounting plugin MobileLauncherProfileWizard
LogPluginManager: Mounting plugin PluginBrowser
LogPluginManager: Mounting plugin SpeedTreeImporter
LogPluginManager: Mounting plugin AlembicImporter
LogPluginManager: Mounting plugin CharacterAI
LogPluginManager: Mounting plugin HTML5Networking
LogPluginManager: Mounting plugin Substance
LogPluginManager: Mounting plugin AndroidMedia
LogPluginManager: Mounting plugin AvfMedia
LogPluginManager: Mounting plugin ImgMedia
LogPluginManager: Mounting plugin MediaCompositing
LogPluginManager: Mounting plugin MediaPlayerEditor
LogPluginManager: Mounting plugin WmfMedia
LogPluginManager: Mounting plugin TcpMessaging
LogPluginManager: Mounting plugin UdpMessaging
LogPluginManager: Mounting plugin ActorSequence
LogPluginManager: Mounting plugin LevelSequenceEditor
LogPluginManager: Mounting plugin MatineeToLevelSequence
LogPluginManager: Mounting plugin OnlineSubsystemGooglePlay
LogPluginManager: Mounting plugin OnlineSubsystemIOS
LogPluginManager: Mounting plugin OnlineSubsystem
LogPluginManager: Mounting plugin OnlineSubsystemNull
LogPluginManager: Mounting plugin OnlineSubsystemUtils
LogPluginManager: Mounting plugin AndroidDeviceProfileSelector
LogPluginManager: Mounting plugin AndroidMoviePlayer
LogPluginManager: Mounting plugin AndroidPermission
LogPluginManager: Mounting plugin AppleARKit
LogPluginManager: Mounting plugin AppleMoviePlayer
LogPluginManager: Mounting plugin ArchVisCharacter
LogPluginManager: Mounting plugin CableComponent
LogPluginManager: Mounting plugin CustomMeshComponent
LogPluginManager: Mounting plugin ExampleDeviceProfileSelector
LogPluginManager: Mounting plugin GoogleCloudMessaging
LogPluginManager: Mounting plugin ImmediatePhysics
LogPluginManager: Mounting plugin IOSDeviceProfileSelector
LogPluginManager: Mounting plugin LinuxDeviceProfileSelector
LogPluginManager: Mounting plugin LocationServicesBPLibrary
LogPluginManager: Mounting plugin MobilePatchingUtils
LogPluginManager: Mounting plugin OculusVR
LogPluginManager: Plugin shader directory ../../../Engine/Plugins/Runtime/Oculus/OculusVR/Shaders found
LogPluginManager: Mapping shader source directory ../../../Engine/Plugins/Runtime/Oculus/OculusVR/Shaders to virtual directory /Plugin/OculusVR
LogPluginManager: Mounting plugin PhysXVehicles
LogPluginManager: Mounting plugin ProceduralMeshComponent
LogPluginManager: Mounting plugin RuntimePhysXCooking
LogPluginManager: Mounting plugin SteamVR
LogPluginManager: Mounting plugin WindowsMoviePlayer
LogInit: Using libcurl 7.47.1
LogInit:  - built for x86_64-pc-win32
LogInit:  - supports SSL with OpenSSL/1.0.2g
LogInit:  - supports HTTP deflate (compression) using libz 1.2.8
LogInit:  - other features:
LogInit:      CURL_VERSION_SSL
LogInit:      CURL_VERSION_LIBZ
LogInit:      CURL_VERSION_IPV6
LogInit:      CURL_VERSION_ASYNCHDNS
LogInit:      CURL_VERSION_LARGEFILE
LogInit:      CURL_VERSION_IDN
LogInit:  CurlRequestOptions (configurable via config and command line):
LogInit:  - bVerifyPeer = false  - Libcurl will NOT verify peer certificate
LogInit:  - bUseHttpProxy = false  - Libcurl will NOT use HTTP proxy
LogInit:  - bDontReuseConnections = false  - Libcurl will reuse connections
LogInit:  - CertBundlePath = nullptr  - Libcurl will use whatever was configured at build time.
LogInit: Build: ++UE4+Release-4.18-CL-3754814
LogInit: Engine Version: 4.18.1-3754814+++UE4+Release-4.18
LogInit: Compatible Engine Version: 4.18.0-3709383+++UE4+Release-4.18
LogInit: Net CL: 3709383
LogDevObjectVersion: Number of dev versions registered: 16
LogDevObjectVersion:   Dev-Blueprints (B0D832E4-1F89-4F0D-ACCF-7EB736FD4AA2): 10
LogDevObjectVersion:   Dev-Build (E1C64328-A22C-4D53-A36C-8E866417BD8C): 0
LogDevObjectVersion:   Dev-Core (375EC13C-06E4-48FB-B500-84F0262A717E): 2
LogDevObjectVersion:   Dev-Editor (E4B068ED-F494-42E9-A231-DA0B2E46BB41): 20
LogDevObjectVersion:   Dev-Framework (CFFC743F-43B0-4480-9391-14DF171D2073): 30
LogDevObjectVersion:   Dev-Mobile (B02B49B5-BB20-44E9-A304-32B752E40360): 0
LogDevObjectVersion:   Dev-Networking (A4E4105C-59A1-49B5-A7C5-40C4547EDFEE): 0
LogDevObjectVersion:   Dev-Online (39C831C9-5AE6-47DC-9A44-9C173E1C8E7C): 0
LogDevObjectVersion:   Dev-Physics (78F01B33-EBEA-4F98-B9B4-84EACCB95AA2): 0
LogDevObjectVersion:   Dev-Platform (6631380F-2D4D-43E0-8009-CF276956A95A): 0
LogDevObjectVersion:   Dev-Rendering (12F88B9F-8875-4AFC-A67C-D90C383ABD29): 20
LogDevObjectVersion:   Dev-Sequencer (7B5AE74C-D270-4C10-A958-57980B212A5A): 4
LogDevObjectVersion:   Dev-VR (D7296918-1DD6-4BDD-9DE2-64A83CC13884): 0
LogDevObjectVersion:   Dev-LoadTimes (C2A15278-BFE7-4AFE-6C17-90FF531DF755): 1
LogDevObjectVersion:   Private-Geometry (6EACA3D4-40EC-4CC1-B786-8BED09428FC5): 1
LogDevObjectVersion:   Dev-AnimPhys (29E575DD-E0A3-4627-9D10-D276232CDCEA): 12
LogInit: Compiled (64-bit): Nov 14 2017 02:05:55
LogInit: Compiled with Visual C++: 19.00.24215.01
LogInit: Build Configuration: Development
LogInit: Branch Name: ++UE4+Release-4.18
LogInit: Command line:  
LogInit: Base directory: D:/Program Files/Epic Games/UE_4.18/Engine/Binaries/Win64/
LogInit: Installed Engine Build: 1
LogInit: Presizing for max 8388607 objects, including 0 objects not considered by GC, pre-allocating 0 bytes for permanent pool.
LogInit: Object subsystem initialized
[2017.12.02-07.18.00:884][  0]LogInit: Selected Device Profile: [Windows]
[2017.12.02-07.18.00:884][  0]LogInit: Applying CVar settings loaded from the selected device profile: [Windows]
[2017.12.02-07.18.00:911][  0]LogInit: Computer: DESKTOP-RA2END3
[2017.12.02-07.18.00:911][  0]LogInit: User: mengy
[2017.12.02-07.18.00:911][  0]LogInit: CPU Page size=4096, Cores=4
[2017.12.02-07.18.00:911][  0]LogInit: High frequency timer resolution =2.742183 MHz
[2017.12.02-07.18.00:912][  0]LogMemory: Memory total: Physical=7.9GB (8GB approx)
[2017.12.02-07.18.00:912][  0]LogMemory: Platform Memory Stats for Windows
[2017.12.02-07.18.00:912][  0]LogMemory: Process Physical Memory: 272.86 MB used, 272.86 MB peak
[2017.12.02-07.18.00:912][  0]LogMemory: Process Virtual Memory: 271.64 MB used, 271.64 MB peak
[2017.12.02-07.18.00:912][  0]LogMemory: Physical Memory: 2960.87 MB used,  5120.09 MB free, 8080.95 MB total
[2017.12.02-07.18.00:912][  0]LogMemory: Virtual Memory: 645.55 MB used,  5120.09 MB free, 134217728.00 MB total
[2017.12.02-07.18.01:977][  0]LogInit: Overriding language with editor language configuration option (en).
[2017.12.02-07.18.01:977][  0]LogInit: Overriding locale with editor locale configuration option (en).
[2017.12.02-07.18.02:406][  0]LogInit: Setting process to per monitor DPI aware
[2017.12.02-07.18.02:626][  0]LogD3D11RHI: D3D11 adapters:
[2017.12.02-07.18.02:662][  0]LogD3D11RHI:    0. 'NVIDIA GeForce GTX 1060' (Feature Level 11_0)
[2017.12.02-07.18.02:662][  0]LogD3D11RHI:       6101/0/4040 MB DedicatedVideo/DedicatedSystem/SharedSystem, Outputs:1, VendorId:0x10de
[2017.12.02-07.18.02:667][  0]LogD3D11RHI:    1. 'Intel(R) HD Graphics 630' (Feature Level 11_0)
[2017.12.02-07.18.02:667][  0]LogD3D11RHI:       128/0/4040 MB DedicatedVideo/DedicatedSystem/SharedSystem, Outputs:0, VendorId:0x8086
[2017.12.02-07.18.02:669][  0]LogD3D11RHI:    2. 'Microsoft Basic Render Driver' (Feature Level 11_0)
[2017.12.02-07.18.02:669][  0]LogD3D11RHI:       0/0/4040 MB DedicatedVideo/DedicatedSystem/SharedSystem, Outputs:0, VendorId:0x1414
[2017.12.02-07.18.02:669][  0]LogD3D11RHI: Chosen D3D11 Adapter: 0
[2017.12.02-07.18.02:674][  0]LogD3D11RHI: Creating new Direct3DDevice
[2017.12.02-07.18.02:674][  0]LogD3D11RHI:     GPU DeviceId: 0x1c20 (for the marketing name, search the web for "GPU Device Id")
[2017.12.02-07.18.02:674][  0]LogWindows: EnumDisplayDevices:
[2017.12.02-07.18.02:674][  0]LogWindows:    0. 'Intel(R) HD Graphics 630' (P:1 D:1)
[2017.12.02-07.18.02:675][  0]LogWindows:    1. 'Intel(R) HD Graphics 630' (P:0 D:0)
[2017.12.02-07.18.02:675][  0]LogWindows:    2. 'Intel(R) HD Graphics 630' (P:0 D:0)
[2017.12.02-07.18.02:675][  0]LogWindows:    3. 'NVIDIA GeForce GTX 1060' (P:0 D:0)
[2017.12.02-07.18.02:676][  0]LogWindows:    4. 'NVIDIA GeForce GTX 1060' (P:0 D:0)
[2017.12.02-07.18.02:676][  0]LogWindows:    5. 'NVIDIA GeForce GTX 1060' (P:0 D:0)
[2017.12.02-07.18.02:676][  0]LogWindows:    6. 'NVIDIA GeForce GTX 1060' (P:0 D:0)
[2017.12.02-07.18.02:676][  0]LogWindows: DebugString: PrimaryIsNotTheChoosenAdapter PrimaryIsNotTheChoosenAdapter PrimaryIsNotTheChoosenAdapter FoundDriverCount:4 
[2017.12.02-07.18.02:676][  0]LogD3D11RHI:     Adapter Name: NVIDIA GeForce GTX 1060
[2017.12.02-07.18.02:676][  0]LogD3D11RHI:   Driver Version: 377.02 (internal:21.21.13.7702, unified:377.02)
[2017.12.02-07.18.02:676][  0]LogD3D11RHI:      Driver Date: 3-1-2017
[2017.12.02-07.18.02:676][  0]LogRHI: Texture pool is 4271 MB (70% of 6101 MB)
[2017.12.02-07.18.02:694][  0]LogD3D11RHI: Async texture creation enabled
[2017.12.02-07.18.02:704][  0]LogD3D11RHI: GPU Timing Frequency: 1000.000000 (Debug: 2 1)
[2017.12.02-07.18.02:705][  0]LogShaderCompilers: Guid format shader working directory is 11 characters bigger than the processId version (../../../../../../Cold-winter-wind/Intermediate/Shaders/WorkingDirectory/12612/).
[2017.12.02-07.18.02:705][  0]LogShaderCompilers: Cleaned the shader compiler working directory 'C:/Users/mengy/AppData/Local/Temp/UnrealShaderWorkingDir/B38D71B84B78BB28B8D0F7836231F5BA/'.
[2017.12.02-07.18.02:705][  0]LogShaderCompilers: Display: Using Local Shader Compiler.
[2017.12.02-07.18.03:550][  0]LogTemp: Display: Loaded TP AllDesktopTargetPlatform
[2017.12.02-07.18.03:593][  0]LogTemp: Display: Loaded TP MacClientTargetPlatform
[2017.12.02-07.18.03:633][  0]LogTemp: Display: Loaded TP MacNoEditorTargetPlatform
[2017.12.02-07.18.03:673][  0]LogTemp: Display: Loaded TP MacServerTargetPlatform
[2017.12.02-07.18.03:715][  0]LogTemp: Display: Loaded TP MacTargetPlatform
[2017.12.02-07.18.03:755][  0]LogTemp: Display: Loaded TP WindowsClientTargetPlatform
[2017.12.02-07.18.03:797][  0]LogTemp: Display: Loaded TP WindowsNoEditorTargetPlatform
[2017.12.02-07.18.03:837][  0]LogTemp: Display: Loaded TP WindowsServerTargetPlatform
[2017.12.02-07.18.03:870][  0]LogTemp: Display: Loaded TP WindowsTargetPlatform
[2017.12.02-07.18.03:909][  0]LogTemp: Display: Loaded TP Android_ASTCTargetPlatform
[2017.12.02-07.18.03:950][  0]LogTemp: Display: Loaded TP Android_ATCTargetPlatform
[2017.12.02-07.18.03:990][  0]LogTemp: Display: Loaded TP Android_DXTTargetPlatform
[2017.12.02-07.18.04:033][  0]LogTemp: Display: Loaded TP Android_ETC1TargetPlatform
[2017.12.02-07.18.04:076][  0]LogTemp: Display: Loaded TP Android_ETC2TargetPlatform
[2017.12.02-07.18.04:160][  0]LogTemp: Display: Loaded TP Android_MultiTargetPlatform
[2017.12.02-07.18.04:160][  0]LogTemp: Display: Loaded TP Android_PVRTCTargetPlatform
[2017.12.02-07.18.04:204][  0]LogTemp: Display: Loaded TP AndroidTargetPlatform
[2017.12.02-07.18.04:237][  0]LogTemp: Display: Loaded TP HTML5TargetPlatform
[2017.12.02-07.18.04:314][  0]LogTemp: Display: Loaded TP IOSTargetPlatform
[2017.12.02-07.18.04:335][  0]LogTemp: Display: Loaded TP TVOSTargetPlatform
[2017.12.02-07.18.04:375][  0]LogTemp: Display: Loaded TP LinuxClientTargetPlatform
[2017.12.02-07.18.04:416][  0]LogTemp: Display: Loaded TP LinuxNoEditorTargetPlatform
[2017.12.02-07.18.04:457][  0]LogTemp: Display: Loaded TP LinuxServerTargetPlatform
[2017.12.02-07.18.04:498][  0]LogTemp: Display: Loaded TP LinuxTargetPlatform
[2017.12.02-07.18.04:498][  0]LogTargetPlatformManager: Display: Building Assets For Windows
[2017.12.02-07.18.04:827][  0]LogDerivedDataCache: Display: Max Cache Size: 512 MB
[2017.12.02-07.18.04:917][  0]LogDerivedDataCache: Loaded boot cache 0.09s 78MB C:/Users/mengy/AppData/Local/UnrealEngine/4.18/DerivedDataCache/Boot.ddc.
[2017.12.02-07.18.04:917][  0]LogDerivedDataCache: Display: Loaded Boot cache: C:/Users/mengy/AppData/Local/UnrealEngine/4.18/DerivedDataCache/Boot.ddc
[2017.12.02-07.18.04:917][  0]LogDerivedDataCache: FDerivedDataBackendGraph:  Pak pak cache file ../../../../../../Cold-winter-wind/DerivedDataCache/DDC.ddp not found, will not use a pak cache.
[2017.12.02-07.18.04:917][  0]LogDerivedDataCache: Unable to find inner node Pak for hierarchical cache Hierarchy.
[2017.12.02-07.18.04:917][  0]LogDerivedDataCache: FDerivedDataBackendGraph:  CompressedPak pak cache file ../../../../../../Cold-winter-wind/DerivedDataCache/Compressed.ddp not found, will not use a pak cache.
[2017.12.02-07.18.04:917][  0]LogDerivedDataCache: Unable to find inner node CompressedPak for hierarchical cache Hierarchy.
[2017.12.02-07.18.04:933][  0]LogDerivedDataCache: Display: Pak cache opened for reading ../../../Engine/DerivedDataCache/Compressed.ddp.
[2017.12.02-07.18.04:948][  0]LogDerivedDataCache: Using Local data cache path C:/Users/mengy/AppData/Local/UnrealEngine/Common/DerivedDataCache: Writable
[2017.12.02-07.18.04:958][  0]LogMaterial: Verifying Global Shaders for PCD3D_SM5
[2017.12.02-07.18.04:958][  0]LogSlate: Using Freetype 2.6.0
[2017.12.02-07.18.04:958][  0]LogSlate: SlateFontCache - WITH_FREETYPE: 1, WITH_HARFBUZZ: 1
[2017.12.02-07.18.04:958][  0]LogSlate: SlateFontCache - WITH_FREETYPE: 1, WITH_HARFBUZZ: 1
[2017.12.02-07.18.05:342][  0]LogInit: Selected Device Profile: [Windows]
[2017.12.02-07.18.05:606][  0]LogSimplygon: Simplygon DLL not present - disabling.
[2017.12.02-07.18.05:637][  0]LogMeshReduction: Using SimplygonSwarm for distributed automatic mesh merging
[2017.12.02-07.18.05:637][  0]LogMeshReduction: Using QuadricMeshReduction for automatic static mesh reduction
[2017.12.02-07.18.05:637][  0]LogMeshReduction: No automatic skeletal mesh reduction module available
[2017.12.02-07.18.05:637][  0]LogMeshReduction: No automatic mesh merging module available
[2017.12.02-07.18.05:637][  0]LogMeshMerging: No automatic mesh merging module available
[2017.12.02-07.18.05:660][  0]LogNetVersion: biyexiangmu , NetCL: 3709383, EngineNetVer: 2, GameNetVer: 0 (Checksum: 813597714)
[2017.12.02-07.18.05:798][  0]LogAssetRegistry: FAssetRegistry took 0.0259 seconds to start up
[2017.12.02-07.18.06:278][  0]LogPackageLocalizationCache: Processed 7 localized package path(s) for 1 prioritized culture(s) in 0.048498 seconds
[2017.12.02-07.18.06:284][  0]LogUObjectArray: 35900 objects as part of root set at end of initial load.
[2017.12.02-07.18.06:284][  0]LogUObjectAllocator: 7372016 out of 0 bytes used by permanent object pool.
[2017.12.02-07.18.06:284][  0]LogUObjectArray: CloseDisregardForGC: 0/0 objects in disregard for GC pool
[2017.12.02-07.18.06:323][  0]LogInit: WinSock: version 1.1 (2.2), MaxSocks=32767, MaxUdp=65467
[2017.12.02-07.18.08:780][  0]LogSubstanceCoreModule: Substance [CPU] Engine Loaded, Max Texture Size = 2048
[2017.12.02-07.18.08:804][  0]LogTcpMessaging: Initializing TcpMessaging bridge
[2017.12.02-07.18.08:844][  0]LogUdpMessaging: Initializing bridge on interface 0.0.0.0:0 to multicast group 230.0.0.1:6666.
[2017.12.02-07.18.09:457][  0]LogMaterial: Uniform references updated for custom material expression Custom.
[2017.12.02-07.18.09:797][  0]SourceControl: Source control is disabled
[2017.12.02-07.18.09:797][  0]SourceControl: Source control is disabled
[2017.12.02-07.18.09:837][  0]SourceControl: Source control is disabled
[2017.12.02-07.18.09:879][  0]SourceControl: Source control is disabled
[2017.12.02-07.18.10:539][  0]LogAndroidPermission: UAndroidPermissionCallbackProxy::GetInstance
[2017.12.02-07.18.10:736][  0]LogOcInput: OculusInput pre-init called
[2017.12.02-07.18.11:154][  0]LogEngine: Initializing Engine...
[2017.12.02-07.18.11:156][  0]LogHMD: Failed to initialize OpenVR with code 110
[2017.12.02-07.18.11:380][  0]LogStats: UGameplayTagsManager::ConstructGameplayTagTree: Construct from data asset -  0.000 s
[2017.12.02-07.18.11:380][  0]LogStats: UGameplayTagsManager::ConstructGameplayTagTree: GameplayTagTreeChangedEvent.Broadcast -  0.000 s
[2017.12.02-07.18.11:490][  0]LogAIModule: Creating AISystem for world Untitled
[2017.12.02-07.18.11:499][  0]LogInit: XAudio2 using '扬声器 (Realtek High Definition Audio)' : 2 channels at 48 kHz using 32 bits per sample (channel mask 0x3)
[2017.12.02-07.18.11:537][  0]LogInit: FAudioDevice initialized.
[2017.12.02-07.18.11:650][  0]LogDerivedDataCache: Saved boot cache 0.11s 78MB C:/Users/mengy/AppData/Local/UnrealEngine/4.18/DerivedDataCache/Boot.ddc.
[2017.12.02-07.18.11:662][  0]LogInit: Texture streaming: Enabled
[2017.12.02-07.18.11:782][  0]LogEngineSessionManager: EngineSessionManager initialized
[2017.12.02-07.18.11:975][  0]LogInit: Transaction tracking system initialized
[2017.12.02-07.18.12:267][  0]BlueprintLog: New page: Editor Load
[2017.12.02-07.18.13:242][  0]LocalizationService: Localization service is disabled
[2017.12.02-07.18.14:032][  0]LogConsoleResponse: Display: 
[2017.12.02-07.18.14:182][  0]LogCook: Display: Max memory allowance for cook 16384mb min free memory 0mb
[2017.12.02-07.18.14:182][  0]LogCook: Display: Mobile HDR setting 1
[2017.12.02-07.18.14:183][  0]LogGameplayTags: Display: UGameplayTagsManager::DoneAddingNativeTags. DelegateIsBound: 0
[2017.12.02-07.18.14:227][  0]LogFileCache: Scanning file cache for directory 'D:/Cold-winter-wind/Content/' took 0.01s
[2017.12.02-07.18.15:143][  0]SourceControl: Source control is disabled
[2017.12.02-07.18.15:144][  0]Cmd: MAP LOAD FILE="../../../../../../Cold-winter-wind/Content/ThirdPersonBP/Maps/ThirdPersonExampleMap.umap" TEMPLATE=0 SHOWPROGRESS=1 FEATURELEVEL=3
[2017.12.02-07.18.15:144][  0]LightingResults: New page: Lighting Build
[2017.12.02-07.18.15:174][  0]MapCheck: New page: Map Check
[2017.12.02-07.18.15:175][  0]LightingResults: New page: Lighting Build
[2017.12.02-07.18.15:538][  0]LogProperty: Error: UStructProperty::Serialize Loading: Property 'StructProperty /Game/ColdWinterWind/Blueprint/BP-Widget/QuestUMG/SubGoalWidget.SubGoalWidget_C:SelectToCurrentQuest.InitiatorArr.InitiatorArr'. Unknown structure.
[2017.12.02-07.18.15:538][  0]LogProperty: Error: UStructProperty::Serialize Loading: Property 'StructProperty /Game/ColdWinterWind/Blueprint/BP-Widget/QuestUMG/SubGoalWidget.SubGoalWidget_C:GoalInfo'. Unknown structure.
[2017.12.02-07.18.15:539][  0]LogClass: Warning: Property GoalInfo of GoalInfo has a struct type mismatch (tag STRUCT_REINST_GoalInfo_1 != prop FallbackStruct) in package:  ../../../../../../Cold-winter-wind/Content/ColdWinterWind/Blueprint/BP-Widget/QuestUMG/SubGoalWidget.uasset. If that struct got renamed, add an entry to ActiveStructRedirects.
[2017.12.02-07.18.15:840][  0]LogClass: Warning: Property GoalInfo of GoalInfo has a struct type mismatch (tag FallbackStruct != prop GoalInfo) in package:  FObjectReader. If that struct got renamed, add an entry to ActiveStructRedirects.
[2017.12.02-07.18.16:419][  0]LogAIModule: Creating AISystem for world ThirdPersonExampleMap
[2017.12.02-07.18.16:433][  0]LogEditorServer: Finished looking for orphan Actors (0.000 secs)
[2017.12.02-07.18.16:454][  0]Cmd: MAP CHECKDEP NOCLEARLOG
[2017.12.02-07.18.16:494][  0]MapCheck: Map check complete: 0 Error(s), 0 Warning(s), took 39.956ms to complete.
[2017.12.02-07.18.16:494][  0]LogFileHelpers: Loading map 'ThirdPersonExampleMap' took 1.351
[2017.12.02-07.18.16:654][  0]LogCollectionManager: Loaded 0 collections in 0.000834 seconds
[2017.12.02-07.18.16:952][  0]LogFileCache: Scanning file cache for directory 'D:/Cold-winter-wind/Saved/Collections/' took 0.01s
[2017.12.02-07.18.16:952][  0]LogFileCache: Scanning file cache for directory 'D:/Cold-winter-wind/Content/Developers/mengy/Collections/' took 0.01s
[2017.12.02-07.18.16:952][  0]LogFileCache: Scanning file cache for directory 'D:/Cold-winter-wind/Content/Collections/' took 0.01s
[2017.12.02-07.18.16:952][  0]LogCollectionManager: Rebuilt the GUID cache for 0 collections in 0.000001 seconds
[2017.12.02-07.18.16:979][  0]LogContentBrowser: Native class hierarchy populated in 0.0263 seconds. Added 2377 classes and 525 folders.
[2017.12.02-07.18.17:121][  0]LogContentBrowser: Native class hierarchy updated for 'WidgetCarousel' in 0.0004 seconds. Added 0 classes and 0 folders.
[2017.12.02-07.18.17:176][  0]LogContentBrowser: Native class hierarchy updated for 'AddContentDialog' in 0.0004 seconds. Added 0 classes and 0 folders.
[2017.12.02-07.18.17:246][  0]LogContentBrowser: Native class hierarchy updated for 'SceneOutliner' in 0.0007 seconds. Added 1 classes and 2 folders.
[2017.12.02-07.18.17:382][  0]LogSlate: Took 0.000143 seconds to synchronously load lazily loaded font '../../../Engine/Content/Slate/Fonts/Roboto-Regular.ttf' (155K)
[2017.12.02-07.18.17:384][  0]LogSlate: Took 0.000149 seconds to synchronously load lazily loaded font '../../../Engine/Content/Slate/Fonts/Roboto-Bold.ttf' (160K)
[2017.12.02-07.18.17:388][  0]LogSlate: Took 0.000116 seconds to synchronously load lazily loaded font '../../../Engine/Content/Editor/Slate/Fonts/FontAwesome.ttf' (139K)
[2017.12.02-07.18.17:506][  0]LogRenderer: Reallocating scene render targets to support 512x512 Format 10 NumSamples 1 (Frame:1).
[2017.12.02-07.18.17:524][  0]LogRenderer: Reallocating scene render targets to support 972x512 Format 10 NumSamples 1 (Frame:1).
[2017.12.02-07.18.17:676][  0]LogContentBrowser: Native class hierarchy updated for 'HierarchicalLODOutliner' in 0.0002 seconds. Added 1 classes and 2 folders.
[2017.12.02-07.18.17:676][  0]LogLoad: (Engine Initialization) Total time: 18.91 seconds
[2017.12.02-07.18.17:676][  0]LogLoad: (Engine Initialization) Total Blueprint compile time: 0.00 seconds
[2017.12.02-07.18.17:677][  0]LogExternalProfiler: No external profilers were discovered.  External profiling features will not be available.
[2017.12.02-07.18.18:047][  0]LogContentStreaming: Texture pool size now 1000 MB
[2017.12.02-07.18.18:079][  0]LogSlate: Took 0.000801 seconds to synchronously load lazily loaded font '../../../Engine/Content/Slate/Fonts/Roboto-Light.ttf' (159K)
[2017.12.02-07.18.18:328][  1]LogSubstanceLiveLink: Warning: Unable to send data along socket, closing connection
[2017.12.02-07.18.18:364][  1]LogAssetRegistry: Asset discovery search completed in 12.5887 seconds
[2017.12.02-07.18.18:366][  1]LogCollectionManager: Rebuilt the object cache for 0 collections in 0.000000 seconds (found 0 objects)
[2017.12.02-07.18.18:366][  1]LogCollectionManager: Fixed up redirectors for 0 collections in 0.000056 seconds (updated 0 objects)
[2017.12.02-07.18.23:111][200]LogTemp: Repeating last play command: Selected Viewport
[2017.12.02-07.18.23:162][200]LogBlueprintUserMessages: Early PlayInEditor Detection: Level '/Game/ThirdPersonBP/Maps/ThirdPersonExampleMap.ThirdPersonExampleMap:PersistentLevel' has LevelScriptBlueprint '/Game/ThirdPersonBP/Maps/ThirdPersonExampleMap.ThirdPersonExampleMap:PersistentLevel.ThirdPersonExampleMap' with GeneratedClass '/Game/ThirdPersonBP/Maps/ThirdPersonExampleMap.ThirdPersonExampleMap_C' with ClassGeneratedBy '/Game/ThirdPersonBP/Maps/ThirdPersonExampleMap.ThirdPersonExampleMap:PersistentLevel.ThirdPersonExampleMap'
[2017.12.02-07.18.23:163][200]LogPlayLevel: PlayLevel: No blueprints needed recompiling
[2017.12.02-07.18.23:163][200]PIE: New page: PIE session: ThirdPersonExampleMap (Dec 2, 2017, 11:18:23 PM)
[2017.12.02-07.18.23:165][200]LogPlayLevel: Creating play world package: /Game/ThirdPersonBP/Maps/UEDPIE_0_ThirdPersonExampleMap
[2017.12.02-07.18.23:201][200]LogPlayLevel: PIE: StaticDuplicateObject took: (0.035955s)
[2017.12.02-07.18.23:202][200]LogAIModule: Creating AISystem for world ThirdPersonExampleMap
[2017.12.02-07.18.23:202][200]LogPlayLevel: PIE: World Init took: (0.001296s)
[2017.12.02-07.18.23:203][200]LogPlayLevel: PIE: Created PIE world by copying editor world from /Game/ThirdPersonBP/Maps/ThirdPersonExampleMap.ThirdPersonExampleMap to /Game/ThirdPersonBP/Maps/UEDPIE_0_ThirdPersonExampleMap.ThirdPersonExampleMap (0.037766s)
[2017.12.02-07.18.23:218][200]LogInit: XAudio2 using '扬声器 (Realtek High Definition Audio)' : 2 channels at 48 kHz using 32 bits per sample (channel mask 0x3)
[2017.12.02-07.18.23:246][200]LogInit: FAudioDevice initialized.
[2017.12.02-07.18.23:322][200]LogLoad: Game class is 'BP_BaseGameMode_C'
[2017.12.02-07.18.23:330][200]LogWorld: Bringing World /Game/ThirdPersonBP/Maps/UEDPIE_0_ThirdPersonExampleMap.ThirdPersonExampleMap up for play (max tick rate 60) at 2017.12.02-15.18.23
[2017.12.02-07.18.23:332][200]LogWorld: Bringing up level for play took: 0.005018
[2017.12.02-07.18.23:391][200]LogContentBrowser: Native class hierarchy updated for 'MovieSceneCapture' in 0.0003 seconds. Added 11 classes and 0 folders.
[2017.12.02-07.18.23:422][200]PIE: Play in editor start time for /Game/ThirdPersonBP/Maps/UEDPIE_0_ThirdPersonExampleMap 0.733
[2017.12.02-07.18.23:422][200]LogBlueprintUserMessages: Late PlayInEditor Detection: Level '/Game/ThirdPersonBP/Maps/ThirdPersonExampleMap.ThirdPersonExampleMap:PersistentLevel' has LevelScriptBlueprint '/Game/ThirdPersonBP/Maps/ThirdPersonExampleMap.ThirdPersonExampleMap:PersistentLevel.ThirdPersonExampleMap' with GeneratedClass '/Game/ThirdPersonBP/Maps/ThirdPersonExampleMap.ThirdPersonExampleMap_C' with ClassGeneratedBy '/Game/ThirdPersonBP/Maps/ThirdPersonExampleMap.ThirdPersonExampleMap:PersistentLevel.ThirdPersonExampleMap'
[2017.12.02-07.18.23:436][200]LogSlate: Took 0.002822 seconds to synchronously load lazily loaded font '../../../Engine/Content/Slate/Fonts/DroidSansFallback.ttf' (3848K)
[2017.12.02-07.18.26:623][382]LogBlueprintUserMessages: Early EndPlayMap Detection: Level '/Game/ThirdPersonBP/Maps/ThirdPersonExampleMap.ThirdPersonExampleMap:PersistentLevel' has LevelScriptBlueprint '/Game/ThirdPersonBP/Maps/ThirdPersonExampleMap.ThirdPersonExampleMap:PersistentLevel.ThirdPersonExampleMap' with GeneratedClass '/Game/ThirdPersonBP/Maps/ThirdPersonExampleMap.ThirdPersonExampleMap_C' with ClassGeneratedBy '/Game/ThirdPersonBP/Maps/ThirdPersonExampleMap.ThirdPersonExampleMap:PersistentLevel.ThirdPersonExampleMap'
[2017.12.02-07.18.26:664][382]LogBlueprintUserMessages: Late EndPlayMap Detection: Level '/Game/ThirdPersonBP/Maps/ThirdPersonExampleMap.ThirdPersonExampleMap:PersistentLevel' has LevelScriptBlueprint '/Game/ThirdPersonBP/Maps/ThirdPersonExampleMap.ThirdPersonExampleMap:PersistentLevel.ThirdPersonExampleMap' with GeneratedClass '/Game/ThirdPersonBP/Maps/ThirdPersonExampleMap.ThirdPersonExampleMap_C' with ClassGeneratedBy '/Game/ThirdPersonBP/Maps/ThirdPersonExampleMap.ThirdPersonExampleMap:PersistentLevel.ThirdPersonExampleMap'
[2017.12.02-07.18.42:224][312]LogSlate: Took 0.000150 seconds to synchronously load lazily loaded font '../../../Engine/Content/Slate/Fonts/Roboto-Light.ttf' (159K)
[2017.12.02-07.18.42:510][312]LogContentBrowser: Native class hierarchy updated for 'BlueprintGraph' in 0.0005 seconds. Added 116 classes and 0 folders.
[2017.12.02-07.18.43:163][312]LogSlate: Took 0.000141 seconds to synchronously load lazily loaded font '../../../Engine/Content/Slate/Fonts/Roboto-Light.ttf' (159K)
[2017.12.02-07.18.43:163][312]LogSlate: Took 0.000096 seconds to synchronously load lazily loaded font '../../../Engine/Content/Editor/Slate/Fonts/Roboto-BoldCondensed.ttf' (158K)
[2017.12.02-07.18.45:063][416]LogSlate: Took 0.000189 seconds to synchronously load lazily loaded font '../../../Engine/Content/Editor/Slate/Fonts/Roboto-Italic.ttf' (157K)
[2017.12.02-07.19.05:424][536]BlueprintLog: New page: Compile QuestWidget
[2017.12.02-07.19.06:165][559]LogSavePackage: Save=114.16ms
[2017.12.02-07.19.06:165][559]LogSavePackage: Moving '../../../../../../Cold-winter-wind/Saved/QuestWidget7441F0FF4AEA08977D094AA9425EDDFD.tmp' to '../../../../../../Cold-winter-wind/Content/ColdWinterWind/Blueprint/BP-Widget/QuestUMG/QuestWidget.uasset'
[2017.12.02-07.19.06:171][559]LogSavePackage: Display: Finished SavePackage ../../../../../../Cold-winter-wind/Content/ColdWinterWind/Blueprint/BP-Widget/QuestUMG/QuestWidget.uasset
[2017.12.02-07.19.07:720][647]LogTemp: Repeating last play command: Selected Viewport
[2017.12.02-07.19.07:736][647]LogBlueprintUserMessages: Early PlayInEditor Detection: Level '/Game/ThirdPersonBP/Maps/ThirdPersonExampleMap.ThirdPersonExampleMap:PersistentLevel' has LevelScriptBlueprint '/Game/ThirdPersonBP/Maps/ThirdPersonExampleMap.ThirdPersonExampleMap:PersistentLevel.ThirdPersonExampleMap' with GeneratedClass '/Game/ThirdPersonBP/Maps/ThirdPersonExampleMap.ThirdPersonExampleMap_C' with ClassGeneratedBy '/Game/ThirdPersonBP/Maps/ThirdPersonExampleMap.ThirdPersonExampleMap:PersistentLevel.ThirdPersonExampleMap'
[2017.12.02-07.19.07:736][647]LogPlayLevel: PlayLevel: No blueprints needed recompiling
[2017.12.02-07.19.07:736][647]PIE: New page: PIE session: ThirdPersonExampleMap (Dec 2, 2017, 11:19:07 PM)
[2017.12.02-07.19.07:737][647]LogPlayLevel: Creating play world package: /Game/ThirdPersonBP/Maps/UEDPIE_0_ThirdPersonExampleMap
[2017.12.02-07.19.07:763][647]LogPlayLevel: PIE: StaticDuplicateObject took: (0.026140s)
[2017.12.02-07.19.07:764][647]LogAIModule: Creating AISystem for world ThirdPersonExampleMap
[2017.12.02-07.19.07:765][647]LogPlayLevel: PIE: World Init took: (0.001229s)
[2017.12.02-07.19.07:765][647]LogPlayLevel: PIE: Created PIE world by copying editor world from /Game/ThirdPersonBP/Maps/ThirdPersonExampleMap.ThirdPersonExampleMap to /Game/ThirdPersonBP/Maps/UEDPIE_0_ThirdPersonExampleMap.ThirdPersonExampleMap (0.027869s)
[2017.12.02-07.19.07:789][647]LogInit: XAudio2 using '扬声器 (Realtek High Definition Audio)' : 2 channels at 48 kHz using 32 bits per sample (channel mask 0x3)
[2017.12.02-07.19.07:820][647]LogInit: FAudioDevice initialized.
[2017.12.02-07.19.07:852][647]LogLoad: Game class is 'BP_BaseGameMode_C'
[2017.12.02-07.19.07:856][647]LogWorld: Bringing World /Game/ThirdPersonBP/Maps/UEDPIE_0_ThirdPersonExampleMap.ThirdPersonExampleMap up for play (max tick rate 60) at 2017.12.02-15.19.07
[2017.12.02-07.19.07:857][647]LogWorld: Bringing up level for play took: 0.003274
[2017.12.02-07.19.07:900][647]PIE: Play in editor start time for /Game/ThirdPersonBP/Maps/UEDPIE_0_ThirdPersonExampleMap -0.788
[2017.12.02-07.19.07:900][647]LogBlueprintUserMessages: Late PlayInEditor Detection: Level '/Game/ThirdPersonBP/Maps/ThirdPersonExampleMap.ThirdPersonExampleMap:PersistentLevel' has LevelScriptBlueprint '/Game/ThirdPersonBP/Maps/ThirdPersonExampleMap.ThirdPersonExampleMap:PersistentLevel.ThirdPersonExampleMap' with GeneratedClass '/Game/ThirdPersonBP/Maps/ThirdPersonExampleMap.ThirdPersonExampleMap_C' with ClassGeneratedBy '/Game/ThirdPersonBP/Maps/ThirdPersonExampleMap.ThirdPersonExampleMap:PersistentLevel.ThirdPersonExampleMap'
[2017.12.02-07.19.12:207][904]LogBlueprintUserMessages: Early EndPlayMap Detection: Level '/Game/ThirdPersonBP/Maps/ThirdPersonExampleMap.ThirdPersonExampleMap:PersistentLevel' has LevelScriptBlueprint '/Game/ThirdPersonBP/Maps/ThirdPersonExampleMap.ThirdPersonExampleMap:PersistentLevel.ThirdPersonExampleMap' with GeneratedClass '/Game/ThirdPersonBP/Maps/ThirdPersonExampleMap.ThirdPersonExampleMap_C' with ClassGeneratedBy '/Game/ThirdPersonBP/Maps/ThirdPersonExampleMap.ThirdPersonExampleMap:PersistentLevel.ThirdPersonExampleMap'
[2017.12.02-07.19.12:245][904]LogBlueprintUserMessages: Late EndPlayMap Detection: Level '/Game/ThirdPersonBP/Maps/ThirdPersonExampleMap.ThirdPersonExampleMap:PersistentLevel' has LevelScriptBlueprint '/Game/ThirdPersonBP/Maps/ThirdPersonExampleMap.ThirdPersonExampleMap:PersistentLevel.ThirdPersonExampleMap' with GeneratedClass '/Game/ThirdPersonBP/Maps/ThirdPersonExampleMap.ThirdPersonExampleMap_C' with ClassGeneratedBy '/Game/ThirdPersonBP/Maps/ThirdPersonExampleMap.ThirdPersonExampleMap:PersistentLevel.ThirdPersonExampleMap'
[2017.12.02-07.19.13:482][972]LogWindowsTextInputMethodSystem: Display: IME system now activated using TSF (微软拼音).
[2017.12.02-07.19.13:686][973]Cmd: QUIT_EDITOR
[2017.12.02-07.19.14:057][973]LogExit: Preparing to exit.
[2017.12.02-07.19.14:909][973]LogDirectoryWatcher: A directory notification for 'D:/Cold-winter-wind/Content/' was aborted.
[2017.12.02-07.19.14:955][973]LogExit: Editor shut down
[2017.12.02-07.19.14:960][973]LogExit: Transaction tracking system shut down
[2017.12.02-07.19.15:204][973]LogDirectoryWatcher: A directory notification for '../../../Engine/Content/' was aborted.
[2017.12.02-07.19.15:204][973]LogDirectoryWatcher: A directory notification for '../../../../../../Cold-winter-wind/Content/' was aborted.
[2017.12.02-07.19.15:204][973]LogDirectoryWatcher: A directory notification for '../../../Engine/Plugins/2D/Paper2D/Content/' was aborted.
[2017.12.02-07.19.15:204][973]LogDirectoryWatcher: A directory notification for '../../../Engine/Plugins/Media/MediaCompositing/Content/' was aborted.
[2017.12.02-07.19.15:204][973]LogDirectoryWatcher: A directory notification for '../../../Engine/Plugins/Runtime/AppleARKit/Content/' was aborted.
[2017.12.02-07.19.15:205][973]LogDirectoryWatcher: A directory notification for '../../../Engine/Plugins/Runtime/Oculus/OculusVR/Content/' was aborted.
[2017.12.02-07.19.15:205][973]LogDirectoryWatcher: A directory notification for '../../../Engine/Plugins/Runtime/Steam/SteamVR/Content/' was aborted.
[2017.12.02-07.19.15:322][973]LogExit: Object subsystem successfully closed.
[2017.12.02-07.19.15:344][973]LogD3D11RHI: Shutdown
[2017.12.02-07.19.15:344][973]LogD3D11RHI: CleanupD3DDevice
[2017.12.02-07.19.15:346][973]LogD3D11RHI: ~FD3D11DynamicRHI
[2017.12.02-07.19.15:357][973]LogModuleManager: Shutting down and abandoning module SequencerWidgets (562)
[2017.12.02-07.19.15:357][973]LogModuleManager: Shutting down and abandoning module BlueprintGraph (560)
[2017.12.02-07.19.15:357][973]LogModuleManager: Shutting down and abandoning module MovieSceneCapture (558)
[2017.12.02-07.19.15:357][973]LogModuleManager: Shutting down and abandoning module HierarchicalLODOutliner (556)
[2017.12.02-07.19.15:357][973]LogModuleManager: Shutting down and abandoning module SceneOutliner (554)
[2017.12.02-07.19.15:357][973]LogModuleManager: Shutting down and abandoning module AddContentDialog (552)
[2017.12.02-07.19.15:357][973]LogDirectoryWatcher: A directory notification for 'D:/Program Files/Epic Games/UE_4.18/FeaturePacks/' was aborted.
[2017.12.02-07.19.15:359][973]LogModuleManager: Shutting down and abandoning module WidgetCarousel (551)
[2017.12.02-07.19.15:359][973]LogModuleManager: Shutting down and abandoning module EditorWidgets (548)
[2017.12.02-07.19.15:359][973]LogModuleManager: Shutting down and abandoning module CollectionManager (546)
[2017.12.02-07.19.15:360][973]LogDirectoryWatcher: A directory notification for 'D:/Cold-winter-wind/Content/Collections/' was aborted.
[2017.12.02-07.19.15:360][973]LogDirectoryWatcher: A directory notification for 'D:/Cold-winter-wind/Content/Developers/mengy/Collections/' was aborted.
[2017.12.02-07.19.15:360][973]LogDirectoryWatcher: A directory notification for 'D:/Cold-winter-wind/Saved/Collections/' was aborted.
[2017.12.02-07.19.15:360][973]LogModuleManager: Shutting down and abandoning module StatsViewer (544)
[2017.12.02-07.19.15:360][973]LogModuleManager: Shutting down and abandoning module FoliageEdit (542)
[2017.12.02-07.19.15:360][973]LogModuleManager: Shutting down and abandoning module LandscapeEditor (540)
[2017.12.02-07.19.15:360][973]LogModuleManager: Shutting down and abandoning module MeshPaintMode (538)
[2017.12.02-07.19.15:360][973]LogModuleManager: Shutting down and abandoning module SceneDepthPickerMode (536)
[2017.12.02-07.19.15:360][973]LogModuleManager: Shutting down and abandoning module ActorPickerMode (534)
[2017.12.02-07.19.15:360][973]LogModuleManager: Shutting down and abandoning module GeometryMode (532)
[2017.12.02-07.19.15:360][973]LogModuleManager: Shutting down and abandoning module TextureAlignMode (530)
[2017.12.02-07.19.15:360][973]LogModuleManager: Shutting down and abandoning module BspMode (528)
[2017.12.02-07.19.15:360][973]LogModuleManager: Shutting down and abandoning module PIEPreviewDeviceProfileSelector (526)
[2017.12.02-07.19.15:360][973]LogModuleManager: Shutting down and abandoning module HardwareSurvey (524)
[2017.12.02-07.19.15:360][973]LogModuleManager: Shutting down and abandoning module SequenceRecorderSections (522)
[2017.12.02-07.19.15:360][973]LogModuleManager: Shutting down and abandoning module AutomationWorker (520)
[2017.12.02-07.19.15:360][973]LogModuleManager: Shutting down and abandoning module MatineeToLevelSequence (518)
[2017.12.02-07.19.15:360][973]LogModuleManager: Shutting down and abandoning module LevelSequenceEditor (516)
[2017.12.02-07.19.15:360][973]LogModuleManager: Shutting down and abandoning module PlacementMode (515)
[2017.12.02-07.19.15:361][973]LogModuleManager: Shutting down and abandoning module WmfMediaFactory (512)
[2017.12.02-07.19.15:361][973]LogModuleManager: Shutting down and abandoning module WmfMediaEditor (510)
[2017.12.02-07.19.15:361][973]LogModuleManager: Shutting down and abandoning module OpenExrWrapper (508)
[2017.12.02-07.19.15:361][973]LogModuleManager: Shutting down and abandoning module ImgMediaFactory (506)
[2017.12.02-07.19.15:361][973]LogModuleManager: Shutting down and abandoning module ImgMediaEditor (504)
[2017.12.02-07.19.15:361][973]LogModuleManager: Shutting down and abandoning module AvfMediaFactory (502)
[2017.12.02-07.19.15:361][973]LogModuleManager: Shutting down and abandoning module AvfMediaEditor (500)
[2017.12.02-07.19.15:361][973]LogModuleManager: Shutting down and abandoning module AndroidMediaFactory (498)
[2017.12.02-07.19.15:361][973]LogModuleManager: Shutting down and abandoning module AndroidMediaEditor (496)
[2017.12.02-07.19.15:361][973]LogModuleManager: Shutting down and abandoning module CharacterAI (494)
[2017.12.02-07.19.15:361][973]LogModuleManager: Shutting down and abandoning module AudioCapture (492)
[2017.12.02-07.19.15:361][973]LogModuleManager: Shutting down and abandoning module SequenceRecorder (491)
[2017.12.02-07.19.15:361][973]LogModuleManager: Shutting down and abandoning module SmartSnapping (488)
[2017.12.02-07.19.15:361][973]LogModuleManager: Shutting down and abandoning module SessionServices (486)
[2017.12.02-07.19.15:361][973]LogModuleManager: Shutting down and abandoning module ViewportSnapping (484)
[2017.12.02-07.19.15:361][973]LogModuleManager: Shutting down and abandoning module ViewportInteraction (482)
[2017.12.02-07.19.15:361][973]LogModuleManager: Shutting down and abandoning module ClothPainter (480)
[2017.12.02-07.19.15:361][973]LogModuleManager: Shutting down and abandoning module SkeletalMeshEditor (479)
[2017.12.02-07.19.15:361][973]LogModuleManager: Shutting down and abandoning module LogVisualizer (476)
[2017.12.02-07.19.15:361][973]LogModuleManager: Shutting down and abandoning module IntroTutorials (474)
[2017.12.02-07.19.15:361][973]LogModuleManager: Shutting down and abandoning module GameProjectGeneration (473)
[2017.12.02-07.19.15:361][973]LogModuleManager: Shutting down and abandoning module IOSPlatformEditor (470)
[2017.12.02-07.19.15:361][973]LogModuleManager: Shutting down and abandoning module HTML5PlatformEditor (468)
[2017.12.02-07.19.15:361][973]LogModuleManager: Shutting down and abandoning module AndroidPlatformEditor (466)
[2017.12.02-07.19.15:361][973]LogModuleManager: Shutting down and abandoning module AndroidDeviceDetection (465)
[2017.12.02-07.19.15:642][973]LogModuleManager: Shutting down and abandoning module WindowsPlatformEditor (462)
[2017.12.02-07.19.15:642][973]LogModuleManager: Shutting down and abandoning module IOSRuntimeSettings (460)
[2017.12.02-07.19.15:642][973]LogModuleManager: Shutting down and abandoning module AndroidRuntimeSettings (458)
[2017.12.02-07.19.15:642][973]LogModuleManager: Shutting down and abandoning module InputBindingEditor (456)
[2017.12.02-07.19.15:642][973]LogModuleManager: Shutting down and abandoning module MergeActors (454)
[2017.12.02-07.19.15:642][973]LogModuleManager: Shutting down and abandoning module SizeMap (452)
[2017.12.02-07.19.15:642][973]LogModuleManager: Shutting down and abandoning module TreeMap (450)
[2017.12.02-07.19.15:642][973]LogModuleManager: Shutting down and abandoning module ReferenceViewer (448)
[2017.12.02-07.19.15:642][973]LogModuleManager: Shutting down and abandoning module LocalizationDashboard (446)
[2017.12.02-07.19.15:642][973]LogModuleManager: Shutting down and abandoning module LocalizationService (445)
[2017.12.02-07.19.15:642][973]LogModuleManager: Shutting down and abandoning module HardwareTargeting (442)
[2017.12.02-07.19.15:642][973]LogModuleManager: Shutting down and abandoning module DeviceProfileEditor (440)
[2017.12.02-07.19.15:642][973]LogModuleManager: Shutting down and abandoning module UndoHistory (438)
[2017.12.02-07.19.15:642][973]LogModuleManager: Shutting down and abandoning module XmlParser (436)
[2017.12.02-07.19.15:642][973]LogModuleManager: Shutting down and abandoning module Blutility (434)
[2017.12.02-07.19.15:642][973]LogModuleManager: Shutting down and abandoning module ProjectSettingsViewer (432)
[2017.12.02-07.19.15:642][973]LogModuleManager: Shutting down and abandoning module ProjectTargetPlatformEditor (431)
[2017.12.02-07.19.15:643][973]LogModuleManager: Shutting down and abandoning module EditorSettingsViewer (428)
[2017.12.02-07.19.15:643][973]LogModuleManager: Shutting down and abandoning module SettingsEditor (426)
[2017.12.02-07.19.15:643][973]LogModuleManager: Shutting down and abandoning module ProjectLauncher (424)
[2017.12.02-07.19.15:643][973]LogModuleManager: Shutting down and abandoning module SessionFrontend (422)
[2017.12.02-07.19.15:643][973]LogModuleManager: Shutting down and abandoning module ProfilerClient (420)
[2017.12.02-07.19.15:643][973]LogModuleManager: Shutting down and abandoning module DeviceManager (418)
[2017.12.02-07.19.15:643][973]LogModuleManager: Shutting down and abandoning module TargetDeviceServices (417)
[2017.12.02-07.19.15:695][973]LogModuleManager: Shutting down and abandoning module AutomationController (414)
[2017.12.02-07.19.15:695][973]LogModuleManager: Shutting down and abandoning module AutomationWindow (412)
[2017.12.02-07.19.15:695][973]LogModuleManager: Shutting down and abandoning module Layers (410)
[2017.12.02-07.19.15:695][973]LogModuleManager: Shutting down and abandoning module ComponentVisualizers (408)
[2017.12.02-07.19.15:695][973]LogModuleManager: Shutting down and abandoning module DetailCustomizations (406)
[2017.12.02-07.19.15:695][973]LogModuleManager: Shutting down and abandoning module PackagesDialog (404)
[2017.12.02-07.19.15:696][973]LogModuleManager: Shutting down and abandoning module Persona (402)
[2017.12.02-07.19.15:696][973]LogModuleManager: Shutting down and abandoning module AdvancedPreviewScene (401)
[2017.12.02-07.19.15:696][973]LogModuleManager: Shutting down and abandoning module AnimGraph (399)
[2017.12.02-07.19.15:696][973]LogModuleManager: Shutting down and abandoning module Kismet (396)
[2017.12.02-07.19.15:706][973]LogModuleManager: Shutting down and abandoning module ClassViewer (394)
[2017.12.02-07.19.15:708][973]LogModuleManager: Shutting down and abandoning module Toolbox (392)
[2017.12.02-07.19.15:708][973]LogModuleManager: Shutting down and abandoning module ModuleUI (390)
[2017.12.02-07.19.15:708][973]LogModuleManager: Shutting down and abandoning module MovieSceneTools (388)
[2017.12.02-07.19.15:708][973]LogModuleManager: Shutting down and abandoning module OutputLog (386)
[2017.12.02-07.19.15:708][973]LogModuleManager: Shutting down and abandoning module GammaUI (384)
[2017.12.02-07.19.15:708][973]LogModuleManager: Shutting down and abandoning module Documentation (382)
[2017.12.02-07.19.15:708][973]LogModuleManager: Shutting down and abandoning module MovieSceneTracks (380)
[2017.12.02-07.19.15:708][973]LogModuleManager: Shutting down and abandoning module MovieScene (378)
[2017.12.02-07.19.15:708][973]LogModuleManager: Shutting down and abandoning module StreamingPauseRendering (376)
[2017.12.02-07.19.15:708][973]LogModuleManager: Shutting down and abandoning module LauncherPlatform (374)
[2017.12.02-07.19.15:708][973]LogModuleManager: Shutting down and abandoning module AnalyticsET (372)
[2017.12.02-07.19.15:708][973]LogModuleManager: Shutting down and abandoning module PortalServices (370)
[2017.12.02-07.19.15:709][973]LogModuleManager: Shutting down and abandoning module PortalRpc (368)
[2017.12.02-07.19.15:709][973]LogModuleManager: Shutting down and abandoning module MessagingRpc (366)
[2017.12.02-07.19.15:709][973]LogModuleManager: Shutting down and abandoning module AIModule (364)
[2017.12.02-07.19.15:709][973]LogModuleManager: Shutting down and abandoning module GameplayDebugger (363)
[2017.12.02-07.19.15:709][973]LogModuleManager: Shutting down and abandoning module AITestSuite (361)
[2017.12.02-07.19.15:709][973]LogModuleManager: Shutting down and abandoning module DesktopPlatform (358)
[2017.12.02-07.19.15:709][973]LogModuleManager: Shutting down and abandoning module ProfilerService (356)
[2017.12.02-07.19.15:934][973]LogModuleManager: Shutting down and abandoning module TaskGraph (354)
[2017.12.02-07.19.15:934][973]LogModuleManager: Shutting down and abandoning module SubstanceLiveLink (352)
[2017.12.02-07.19.15:934][973]LogModuleManager: Shutting down and abandoning module SubstanceSource (350)
[2017.12.02-07.19.15:934][973]LogModuleManager: Shutting down and abandoning module SubstanceEditor (348)
[2017.12.02-07.19.15:934][973]LogModuleManager: Shutting down and abandoning module SteamVRController (346)
[2017.12.02-07.19.15:934][973]LogModuleManager: Shutting down and abandoning module ProceduralMeshComponentEditor (344)
[2017.12.02-07.19.15:934][973]LogModuleManager: Shutting down and abandoning module ProceduralMeshComponent (342)
[2017.12.02-07.19.15:934][973]LogModuleManager: Shutting down and abandoning module OculusInput (340)
[2017.12.02-07.19.15:935][973]LogModuleManager: Shutting down and abandoning module MobilePatchingUtils (338)
[2017.12.02-07.19.15:935][973]LogModuleManager: Shutting down and abandoning module CustomMeshComponent (336)
[2017.12.02-07.19.15:935][973]LogModuleManager: Shutting down and abandoning module CableComponent (334)
[2017.12.02-07.19.15:935][973]LogModuleManager: Shutting down and abandoning module ArchVisCharacter (332)
[2017.12.02-07.19.15:935][973]LogModuleManager: Shutting down and abandoning module AndroidPermission (330)
[2017.12.02-07.19.15:935][973]LogModuleManager: Shutting down and abandoning module ActorSequence (326)
[2017.12.02-07.19.15:935][973]LogModuleManager: Shutting down and abandoning module MediaPlayerEditor (324)
[2017.12.02-07.19.15:935][973]LogModuleManager: Shutting down and abandoning module MediaCompositingEditor (322)
[2017.12.02-07.19.15:935][973]LogModuleManager: Shutting down and abandoning module MediaCompositing (320)
[2017.12.02-07.19.15:935][973]LogModuleManager: Shutting down and abandoning module HTML5Networking (318)
[2017.12.02-07.19.15:935][973]LogModuleManager: Shutting down and abandoning module AlembicImporter (316)
[2017.12.02-07.19.15:935][973]LogModuleManager: Shutting down and abandoning module AlembicLibrary (315)
[2017.12.02-07.19.15:935][973]LogModuleManager: Shutting down and abandoning module GeometryCache (314)
[2017.12.02-07.19.15:935][973]LogModuleManager: Shutting down and abandoning module GeometryCacheEd (313)
[2017.12.02-07.19.15:935][973]LogModuleManager: Shutting down and abandoning module SpeedTreeImporter (308)
[2017.12.02-07.19.15:935][973]LogModuleManager: Shutting down and abandoning module PluginBrowser (306)
[2017.12.02-07.19.15:935][973]LogModuleManager: Shutting down and abandoning module MobileLauncherProfileWizard (304)
[2017.12.02-07.19.15:935][973]LogModuleManager: Shutting down and abandoning module VisualStudioSourceCodeAccess (302)
[2017.12.02-07.19.15:935][973]LogModuleManager: Shutting down and abandoning module VisualStudioCodeSourceCodeAccess (300)
[2017.12.02-07.19.15:935][973]LogModuleManager: Shutting down and abandoning module UObjectPlugin (298)
[2017.12.02-07.19.15:935][973]LogModuleManager: Shutting down and abandoning module SubversionSourceControl (296)
[2017.12.02-07.19.15:935][973]LogModuleManager: Shutting down and abandoning module PerforceSourceControl (294)
[2017.12.02-07.19.15:935][973]LogModuleManager: Shutting down and abandoning module GitSourceControl (292)
[2017.12.02-07.19.15:935][973]LogModuleManager: Shutting down and abandoning module SourceControl (291)
[2017.12.02-07.19.15:936][973]LogModuleManager: Shutting down and abandoning module LightPropagationVolumeEditor (288)
[2017.12.02-07.19.15:936][973]LogModuleManager: Shutting down and abandoning module PaperTiledImporter (286)
[2017.12.02-07.19.15:936][973]LogModuleManager: Shutting down and abandoning module PaperSpriteSheetImporter (284)
[2017.12.02-07.19.15:936][973]LogModuleManager: Shutting down and abandoning module Paper2DEditor (282)
[2017.12.02-07.19.15:936][973]LogModuleManager: Shutting down and abandoning module MeshPaint (281)
[2017.12.02-07.19.15:936][973]LogModuleManager: Shutting down and abandoning module LevelEditor (279)
[2017.12.02-07.19.15:937][973]LogModuleManager: Shutting down and abandoning module PixelInspectorModule (278)
[2017.12.02-07.19.15:937][973]LogModuleManager: Shutting down and abandoning module MainFrame (276)
[2017.12.02-07.19.15:937][973]LogModuleManager: Shutting down and abandoning module HotReload (275)
[2017.12.02-07.19.15:938][973]LogModuleManager: Shutting down and abandoning module RuntimePhysXCooking (270)
[2017.12.02-07.19.15:938][973]LogModuleManager: Shutting down and abandoning module PhysXVehiclesEditor (268)
[2017.12.02-07.19.15:938][973]LogModuleManager: Shutting down and abandoning module PhysXVehicles (266)
[2017.12.02-07.19.15:938][973]LogModuleManager: Shutting down and abandoning module OculusEditor (264)
[2017.12.02-07.19.15:939][973]LogModuleManager: Shutting down and abandoning module LocationServicesBPLibrary (262)
[2017.12.02-07.19.15:939][973]LogModuleManager: Shutting down and abandoning module ImmediatePhysicsEditor (260)
[2017.12.02-07.19.15:939][973]LogModuleManager: Shutting down and abandoning module ImmediatePhysics (258)
[2017.12.02-07.19.15:939][973]LogModuleManager: Shutting down and abandoning module UdpMessaging (256)
[2017.12.02-07.19.16:040][973]LogModuleManager: Shutting down and abandoning module TcpMessaging (254)
[2017.12.02-07.19.16:140][973]LogModuleManager: Shutting down and abandoning module SubstanceCore (252)
[2017.12.02-07.19.16:140][973]LogModuleManager: Shutting down and abandoning module GameplayTagsEditor (250)
[2017.12.02-07.19.16:140][973]LogModuleManager: Shutting down and abandoning module FacialAnimationEditor (248)
[2017.12.02-07.19.16:140][973]LogModuleManager: Shutting down and abandoning module FacialAnimation (246)
[2017.12.02-07.19.16:140][973]LogModuleManager: Shutting down and abandoning module AssetManagerEditor (244)
[2017.12.02-07.19.16:140][973]LogModuleManager: Shutting down and abandoning module GraphEditor (243)
[2017.12.02-07.19.16:140][973]LogModuleManager: Shutting down and abandoning module ContentBrowser (241)
[2017.12.02-07.19.16:141][973]LogModuleManager: Shutting down and abandoning module LightPropagationVolumeRuntime (238)
[2017.12.02-07.19.16:141][973]LogModuleManager: Shutting down and abandoning module Paper2D (236)
[2017.12.02-07.19.16:141][973]LogModuleManager: Shutting down and abandoning module WindowsMoviePlayer (234)
[2017.12.02-07.19.16:141][973]LogModuleManager: Shutting down and abandoning module WmfMedia (232)
[2017.12.02-07.19.16:141][973]LogModuleManager: Shutting down and abandoning module ImgMedia (230)
[2017.12.02-07.19.16:141][973]LogModuleManager: Shutting down and abandoning module PacketHandler (228)
[2017.12.02-07.19.16:142][973]LogModuleManager: Shutting down and abandoning module ClothingSystemEditor (226)
[2017.12.02-07.19.16:142][973]LogModuleManager: Shutting down and abandoning module ClothingSystemRuntime (224)
[2017.12.02-07.19.16:142][973]LogModuleManager: Shutting down and abandoning module MediaAssets (222)
[2017.12.02-07.19.16:142][973]LogModuleManager: Shutting down and abandoning module Media (221)
[2017.12.02-07.19.16:148][973]LogModuleManager: Shutting down and abandoning module Overlay (218)
[2017.12.02-07.19.16:148][973]LogModuleManager: Shutting down and abandoning module OverlayEditor (217)
[2017.12.02-07.19.16:148][973]LogModuleManager: Shutting down and abandoning module VREditor (214)
[2017.12.02-07.19.16:148][973]LogModuleManager: Shutting down and abandoning module StringTableEditor (212)
[2017.12.02-07.19.16:148][973]LogModuleManager: Shutting down and abandoning module GameplayTasksEditor (210)
[2017.12.02-07.19.16:148][973]LogModuleManager: Shutting down and abandoning module BehaviorTreeEditor (208)
[2017.12.02-07.19.16:148][973]LogModuleManager: Shutting down and abandoning module FunctionalTesting (206)
[2017.12.02-07.19.16:148][973]LogModuleManager: Shutting down and abandoning module CollisionAnalyzer (204)
[2017.12.02-07.19.16:148][973]LogModuleManager: Shutting down and abandoning module WorkspaceMenuStructure (203)
[2017.12.02-07.19.16:148][973]LogModuleManager: Shutting down and abandoning module UMG (200)
[2017.12.02-07.19.16:148][973]LogModuleManager: Shutting down and abandoning module UMGEditor (199)
[2017.12.02-07.19.16:148][973]LogModuleManager: Shutting down and abandoning module Sequencer (198)
[2017.12.02-07.19.16:148][973]LogModuleManager: Shutting down and abandoning module MessageLog (195)
[2017.12.02-07.19.16:148][973]LogModuleManager: Shutting down and abandoning module SlateReflector (190)
[2017.12.02-07.19.16:148][973]LogModuleManager: Shutting down and abandoning module Slate (188)
[2017.12.02-07.19.16:148][973]LogModuleManager: Shutting down and abandoning module EditorStyle (186)
[2017.12.02-07.19.16:150][973]LogModuleManager: Shutting down and abandoning module MRMesh (184)
[2017.12.02-07.19.16:150][973]LogModuleManager: Shutting down and abandoning module SourceCodeAccess (182)
[2017.12.02-07.19.16:150][973]LogModuleManager: Shutting down and abandoning module HeadMountedDisplay (180)
[2017.12.02-07.19.16:150][973]LogModuleManager: Shutting down and abandoning module XAudio2 (178)
[2017.12.02-07.19.16:150][973]LogModuleManager: Shutting down and abandoning module Networking (176)
[2017.12.02-07.19.16:150][973]LogModuleManager: Shutting down and abandoning module Core (172)
[2017.12.02-07.19.16:150][973]LogModuleManager: Shutting down and abandoning module LevelSequence (168)
[2017.12.02-07.19.16:150][973]LogModuleManager: Shutting down and abandoning module DirectoryWatcher (166)
[2017.12.02-07.19.16:150][973]LogModuleManager: Shutting down and abandoning module KismetCompiler (164)
[2017.12.02-07.19.16:150][973]LogModuleManager: Shutting down and abandoning module MeshUtilities (162)
[2017.12.02-07.19.16:150][973]LogModuleManager: Shutting down and abandoning module MeshMergeUtilities (161)
[2017.12.02-07.19.16:150][973]LogModuleManager: Shutting down and abandoning module MeshReductionInterface (160)
[2017.12.02-07.19.16:150][973]LogModuleManager: Shutting down and abandoning module SimplygonSwarm (159)
[2017.12.02-07.19.16:150][973]LogModuleManager: Shutting down and abandoning module SimplygonMeshReduction (157)
[2017.12.02-07.19.16:150][973]LogModuleManager: Shutting down and abandoning module QuadricMeshReduction (155)
[2017.12.02-07.19.16:150][973]LogModuleManager: Shutting down and abandoning module MaterialBaking (151)
[2017.12.02-07.19.16:150][973]LogModuleManager: Shutting down and abandoning module DerivedDataCache (148)
[2017.12.02-07.19.16:500][973]LogDerivedDataCache: Shutdown
[2017.12.02-07.19.16:500][973]LogModuleManager: Shutting down and abandoning module TargetPlatform (146)
[2017.12.02-07.19.16:500][973]LogModuleManager: Shutting down and abandoning module VulkanShaderFormat (145)
[2017.12.02-07.19.16:500][973]LogModuleManager: Shutting down and abandoning module ShaderFormatVectorVM (143)
[2017.12.02-07.19.16:500][973]LogModuleManager: Shutting down and abandoning module ShaderFormatOpenGL (141)
[2017.12.02-07.19.16:500][973]LogModuleManager: Shutting down and abandoning module ShaderFormatD3D (139)
[2017.12.02-07.19.16:500][973]LogModuleManager: Shutting down and abandoning module MetalShaderFormat (137)
[2017.12.02-07.19.16:500][973]LogModuleManager: Shutting down and abandoning module TextureFormatUncompressed (135)
[2017.12.02-07.19.16:501][973]LogModuleManager: Shutting down and abandoning module TextureFormatPVR (133)
[2017.12.02-07.19.16:501][973]LogModuleManager: Shutting down and abandoning module TextureFormatDXT (131)
[2017.12.02-07.19.16:501][973]LogModuleManager: Shutting down and abandoning module TextureFormatIntelISPCTexComp (129)
[2017.12.02-07.19.16:501][973]LogModuleManager: Shutting down and abandoning module TextureFormatASTC (127)
[2017.12.02-07.19.16:501][973]LogModuleManager: Shutting down and abandoning module ImageWrapper (126)
[2017.12.02-07.19.16:501][973]LogModuleManager: Shutting down and abandoning module TextureFormatAndroid (123)
[2017.12.02-07.19.16:501][973]LogModuleManager: Shutting down and abandoning module AudioFormatOpus (121)
[2017.12.02-07.19.16:501][973]LogModuleManager: Shutting down and abandoning module AudioFormatOgg (119)
[2017.12.02-07.19.16:501][973]LogModuleManager: Shutting down and abandoning module AudioFormatADPCM (117)
[2017.12.02-07.19.16:501][973]LogModuleManager: Shutting down and abandoning module LinuxTargetPlatform (115)
[2017.12.02-07.19.16:501][973]LogModuleManager: Shutting down and abandoning module LinuxServerTargetPlatform (113)
[2017.12.02-07.19.16:501][973]LogModuleManager: Shutting down and abandoning module LinuxNoEditorTargetPlatform (111)
[2017.12.02-07.19.16:501][973]LogModuleManager: Shutting down and abandoning module LinuxClientTargetPlatform (109)
[2017.12.02-07.19.16:501][973]LogModuleManager: Shutting down and abandoning module TVOSTargetPlatform (107)
[2017.12.02-07.19.16:501][973]LogModuleManager: Shutting down and abandoning module Messaging (105)
[2017.12.02-07.19.16:501][973]LogModuleManager: Shutting down and abandoning module IOSTargetPlatform (103)
[2017.12.02-07.19.16:501][973]LogModuleManager: Shutting down and abandoning module HTML5TargetPlatform (101)
[2017.12.02-07.19.16:501][973]LogModuleManager: Shutting down and abandoning module AndroidTargetPlatform (99)
[2017.12.02-07.19.16:502][973]LogModuleManager: Shutting down and abandoning module Android_PVRTCTargetPlatform (97)
[2017.12.02-07.19.16:502][973]LogModuleManager: Shutting down and abandoning module Android_MultiTargetPlatform (95)
[2017.12.02-07.19.16:502][973]LogModuleManager: Shutting down and abandoning module Android_ETC2TargetPlatform (93)
[2017.12.02-07.19.16:502][973]LogModuleManager: Shutting down and abandoning module Android_ETC1TargetPlatform (91)
[2017.12.02-07.19.16:502][973]LogModuleManager: Shutting down and abandoning module Android_DXTTargetPlatform (89)
[2017.12.02-07.19.16:502][973]LogModuleManager: Shutting down and abandoning module Android_ATCTargetPlatform (87)
[2017.12.02-07.19.16:502][973]LogModuleManager: Shutting down and abandoning module Android_ASTCTargetPlatform (85)
[2017.12.02-07.19.16:502][973]LogModuleManager: Shutting down and abandoning module WindowsTargetPlatform (83)
[2017.12.02-07.19.16:502][973]LogModuleManager: Shutting down and abandoning module WindowsServerTargetPlatform (81)
[2017.12.02-07.19.16:502][973]LogModuleManager: Shutting down and abandoning module WindowsNoEditorTargetPlatform (79)
[2017.12.02-07.19.16:502][973]LogModuleManager: Shutting down and abandoning module WindowsClientTargetPlatform (77)
[2017.12.02-07.19.16:502][973]LogModuleManager: Shutting down and abandoning module MacTargetPlatform (75)
[2017.12.02-07.19.16:502][973]LogModuleManager: Shutting down and abandoning module MacServerTargetPlatform (73)
[2017.12.02-07.19.16:502][973]LogModuleManager: Shutting down and abandoning module MacNoEditorTargetPlatform (71)
[2017.12.02-07.19.16:502][973]LogModuleManager: Shutting down and abandoning module MacClientTargetPlatform (69)
[2017.12.02-07.19.16:502][973]LogModuleManager: Shutting down and abandoning module AllDesktopTargetPlatform (67)
[2017.12.02-07.19.16:502][973]LogModuleManager: Shutting down and abandoning module InputCore (64)
[2017.12.02-07.19.16:502][973]LogModuleManager: Shutting down and abandoning module Settings (62)
[2017.12.02-07.19.16:502][973]LogModuleManager: Shutting down and abandoning module PhysXCooking (60)
[2017.12.02-07.19.16:502][973]LogModuleManager: Shutting down and abandoning module SteamVR (58)
[2017.12.02-07.19.16:503][973]LogModuleManager: Shutting down and abandoning module OculusHMD (56)
[2017.12.02-07.19.16:503][973]LogModuleManager: Shutting down and abandoning module ExampleDeviceProfileSelector (54)
[2017.12.02-07.19.16:503][973]LogModuleManager: Shutting down and abandoning module AppleARKit (52)
[2017.12.02-07.19.16:503][973]LogModuleManager: Shutting down and abandoning module AugmentedReality (51)
[2017.12.02-07.19.16:503][973]LogModuleManager: Shutting down and abandoning module OnlineBlueprintSupport (48)
[2017.12.02-07.19.16:503][973]LogModuleManager: Shutting down and abandoning module OnlineSubsystem (44)
[2017.12.02-07.19.16:503][973]LogModuleManager: Shutting down and abandoning module XMPP (43)
[2017.12.02-07.19.16:503][973]LogModuleManager: Shutting down and abandoning module HTTP (41)
[2017.12.02-07.19.16:503][973]LogHttp: Display: Http module shutting down, but needs to wait on 1 outstanding Http requests:
[2017.12.02-07.19.16:503][973]LogHttp: Display: 	verb=[POST] url=[https://datarouter.ol.epicgames.com/datarouter/api/v1/public/data?SessionID=%7BDA17F652-4C60-A046-3809-2C9FD515A424%7D&AppID=UEEditor.Rocket.Release&AppVersion=4.18.1-3754814%2B%2B%2BUE4%2BRelease-4.18&UserID=325c39c445260249547f9281ae44364b%7C0a05a1e4080b4026ae8042b3b43e2849%7Cd84252f6-2900-4dc4-bbe1-caea2b150bfb&AppEnvironment=datacollector-binary&UploadType=eteventstream] status=Processing
[2017.12.02-07.19.16:503][973]LogHttp: Display: Sleeping 0.5s to wait for 1 outstanding Http requests.
[2017.12.02-07.19.17:031][973]LogModuleManager: Shutting down and abandoning module SSL (40)
[2017.12.02-07.19.17:032][973]LogModuleManager: Shutting down and abandoning module AnimationModifiers (36)
[2017.12.02-07.19.17:033][973]LogModuleManager: Shutting down and abandoning module PropertyEditor (35)
[2017.12.02-07.19.17:033][973]LogModuleManager: Shutting down and abandoning module AudioEditor (32)
[2017.12.02-07.19.17:033][973]LogModuleManager: Shutting down and abandoning module TextureCompressor (30)
[2017.12.02-07.19.17:033][973]LogModuleManager: Shutting down and abandoning module ShaderCore (28)
[2017.12.02-07.19.17:033][973]LogModuleManager: Shutting down and abandoning module Landscape (26)
[2017.12.02-07.19.17:033][973]LogModuleManager: Shutting down and abandoning module SlateRHIRenderer (24)
[2017.12.02-07.19.17:035][973]LogModuleManager: Shutting down and abandoning module OpenGLDrv (22)
[2017.12.02-07.19.17:035][973]LogModuleManager: Shutting down and abandoning module D3D11RHI (20)
[2017.12.02-07.19.17:035][973]LogModuleManager: Shutting down and abandoning module AnimGraphRuntime (18)
[2017.12.02-07.19.17:035][973]LogModuleManager: Shutting down and abandoning module Renderer (16)
[2017.12.02-07.19.17:035][973]LogModuleManager: Shutting down and abandoning module Engine (14)
[2017.12.02-07.19.17:035][973]LogModuleManager: Shutting down and abandoning module CoreUObject (12)
[2017.12.02-07.19.17:035][973]LogModuleManager: Shutting down and abandoning module NetworkFile (10)
[2017.12.02-07.19.17:035][973]LogModuleManager: Shutting down and abandoning module CookedIterativeFile (8)
[2017.12.02-07.19.17:035][973]LogModuleManager: Shutting down and abandoning module StreamingFile (6)
[2017.12.02-07.19.17:035][973]LogModuleManager: Shutting down and abandoning module SandboxFile (4)
[2017.12.02-07.19.17:035][973]LogModuleManager: Shutting down and abandoning module PakFile (2)
[2017.12.02-07.19.17:039][973]LogExit: Exiting.
[2017.12.02-07.19.17:049][973]Log file closed, 12/02/17 15:19:17
